[2018-09-09T01:07:54.049] [INFO] xiaohongxian - server is running:80
[2018-09-09T01:07:54.051] [INFO] xiaohongxian - server is running:443
[2018-09-09T01:07:54.065] [INFO] xiaohongxian - 数据库连接成功
[2018-09-09T01:15:43.168] [INFO] xiaohongxian - server is running:80
[2018-09-09T01:15:43.169] [INFO] xiaohongxian - server is running:443
[2018-09-09T01:15:43.183] [INFO] xiaohongxian - 数据库连接成功
[2018-09-09T01:19:11.253] [INFO] xiaohongxian - server is running:80
[2018-09-09T01:19:11.254] [INFO] xiaohongxian - server is running:443
[2018-09-09T01:19:11.268] [INFO] xiaohongxian - 数据库连接成功
[2018-09-09T01:22:23.891] [INFO] xiaohongxian - server is running:80
[2018-09-09T01:22:23.893] [INFO] xiaohongxian - server is running:443
[2018-09-09T01:22:23.910] [INFO] xiaohongxian - 数据库连接成功
[2018-09-09T01:22:49.265] [INFO] xiaohongxian - server is running:80
[2018-09-09T01:22:49.266] [INFO] xiaohongxian - server is running:443
[2018-09-09T01:22:49.279] [INFO] xiaohongxian - 数据库连接成功
[2018-09-09T01:27:17.254] [INFO] xiaohongxian - server is running:80
[2018-09-09T01:27:17.255] [INFO] xiaohongxian - server is running:443
[2018-09-09T01:27:17.290] [INFO] xiaohongxian - 数据库连接成功
[2018-09-09T01:32:26.330] [INFO] xiaohongxian - server is running:80
[2018-09-09T01:32:26.331] [INFO] xiaohongxian - server is running:443
[2018-09-09T01:32:26.344] [INFO] xiaohongxian - 数据库连接成功
[2018-09-09T01:33:09.354] [INFO] xiaohongxian - server is running:80
[2018-09-09T01:33:09.356] [INFO] xiaohongxian - server is running:443
[2018-09-09T01:33:09.371] [INFO] xiaohongxian - 数据库连接成功
[2018-09-09T01:33:51.842] [INFO] xiaohongxian - server is running:80
[2018-09-09T01:33:51.844] [INFO] xiaohongxian - server is running:443
[2018-09-09T01:33:51.858] [INFO] xiaohongxian - 数据库连接成功
[2018-09-09T01:34:17.497] [INFO] xiaohongxian - server is running:80
[2018-09-09T01:34:17.498] [INFO] xiaohongxian - server is running:443
[2018-09-09T01:34:17.511] [INFO] xiaohongxian - 数据库连接成功
[2018-09-09T01:36:23.247] [INFO] xiaohongxian - server is running:80
[2018-09-09T01:36:23.248] [INFO] xiaohongxian - server is running:443
[2018-09-09T01:36:23.260] [INFO] xiaohongxian - 数据库连接成功
[2018-09-09T01:37:08.244] [INFO] xiaohongxian - server is running:80
[2018-09-09T01:37:08.245] [INFO] xiaohongxian - server is running:443
[2018-09-09T01:37:08.259] [INFO] xiaohongxian - 数据库连接成功
[2018-09-09T01:37:13.472] [ERROR] xiaohongxian - { ValidationError: ping validation failed: chushiedu: Cast to Number failed for value "NaN" at path "chushiedu"
    at ValidationError.inspect (D:\FD\node_modules\_mongoose@4.13.17@mongoose\lib\error\validation.js:57:23)
    at formatValue (util.js:430:38)
    at inspect (util.js:324:10)
    at Object.format (util.js:191:12)
    at Object.inspect (D:\FD\node_modules\_log4js@2.11.0@log4js\lib\layouts.js:36:66)
    at formatValue (util.js:430:38)
    at inspect (util.js:324:10)
    at Object.format (util.js:191:12)
    at formatLogData (D:\FD\node_modules\_log4js@2.11.0@log4js\lib\layouts.js:55:22)
    at basicLayout (D:\FD\node_modules\_log4js@2.11.0@log4js\lib\layouts.js:118:7)
    at app (D:\FD\node_modules\_log4js@2.11.0@log4js\lib\appenders\dateFile.js:30:19)
    at appenders.forEach (D:\FD\node_modules\_log4js@2.11.0@log4js\lib\log4js.js:142:5)
    at Array.forEach (<anonymous>)
    at Logger.sendLogEventToAppender [as dispatch] (D:\FD\node_modules\_log4js@2.11.0@log4js\lib\log4js.js:141:13)
    at Logger._log (D:\FD\node_modules\_log4js@2.11.0@log4js\lib\logger.js:95:12)
    at Logger.(anonymous function) [as error] (D:\FD\node_modules\_log4js@2.11.0@log4js\lib\logger.js:127:14)
    at D:\FD\routes\chaedu.js:267:11
    at D:\FD\node_modules\_mongoose@4.13.17@mongoose\lib\model.js:4092:16
    at D:\FD\node_modules\_mongoose@4.13.17@mongoose\lib\services\model\applyHooks.js:175:17
    at _combinedTickCallback (internal/process/next_tick.js:131:7)
    at process._tickCallback (internal/process/next_tick.js:180:9)
  errors: 
   { chushiedu: 
      { CastError: Cast to Number failed for value "NaN" at path "chushiedu"
    at new CastError (D:\FD\node_modules\_mongoose@4.13.17@mongoose\lib\error\cast.js:27:11)
    at model.$set (D:\FD\node_modules\_mongoose@4.13.17@mongoose\lib\document.js:775:7)
    at model._handleIndex (D:\FD\node_modules\_mongoose@4.13.17@mongoose\lib\document.js:596:14)
    at model.$set (D:\FD\node_modules\_mongoose@4.13.17@mongoose\lib\document.js:556:24)
    at model.Document (D:\FD\node_modules\_mongoose@4.13.17@mongoose\lib\document.js:85:12)
    at model.Model (D:\FD\node_modules\_mongoose@4.13.17@mongoose\lib\model.js:56:12)
    at new model (D:\FD\node_modules\_mongoose@4.13.17@mongoose\lib\model.js:3939:13)
    at D:\FD\routes\chaedu.js:256:12
    at Layer.handle [as handle_request] (D:\FD\node_modules\_express@4.16.3@express\lib\router\layer.js:95:5)
    at next (D:\FD\node_modules\_express@4.16.3@express\lib\router\route.js:137:13)
    at Route.dispatch (D:\FD\node_modules\_express@4.16.3@express\lib\router\route.js:112:3)
    at Layer.handle [as handle_request] (D:\FD\node_modules\_express@4.16.3@express\lib\router\layer.js:95:5)
    at D:\FD\node_modules\_express@4.16.3@express\lib\router\index.js:281:22
    at Function.process_params (D:\FD\node_modules\_express@4.16.3@express\lib\router\index.js:335:12)
    at next (D:\FD\node_modules\_express@4.16.3@express\lib\router\index.js:275:10)
    at Function.handle (D:\FD\node_modules\_express@4.16.3@express\lib\router\index.js:174:3)
    at router (D:\FD\node_modules\_express@4.16.3@express\lib\router\index.js:47:12)
    at Layer.handle [as handle_request] (D:\FD\node_modules\_express@4.16.3@express\lib\router\layer.js:95:5)
    at trim_prefix (D:\FD\node_modules\_express@4.16.3@express\lib\router\index.js:317:13)
    at D:\FD\node_modules\_express@4.16.3@express\lib\router\index.js:284:7
    at Function.process_params (D:\FD\node_modules\_express@4.16.3@express\lib\router\index.js:335:12)
    at next (D:\FD\node_modules\_express@4.16.3@express\lib\router\index.js:275:10)
        message: 'Cast to Number failed for value "NaN" at path "chushiedu"',
        name: 'CastError',
        stringValue: '"NaN"',
        kind: 'Number',
        value: NaN,
        path: 'chushiedu',
        reason: [Object] } },
  _message: 'ping validation failed',
  name: 'ValidationError' }
[2018-09-09T01:37:14.719] [ERROR] xiaohongxian - { ValidationError: ping validation failed: chushiedu: Cast to Number failed for value "NaN" at path "chushiedu"
    at ValidationError.inspect (D:\FD\node_modules\_mongoose@4.13.17@mongoose\lib\error\validation.js:57:23)
    at formatValue (util.js:430:38)
    at inspect (util.js:324:10)
    at Object.format (util.js:191:12)
    at Object.inspect (D:\FD\node_modules\_log4js@2.11.0@log4js\lib\layouts.js:36:66)
    at formatValue (util.js:430:38)
    at inspect (util.js:324:10)
    at Object.format (util.js:191:12)
    at formatLogData (D:\FD\node_modules\_log4js@2.11.0@log4js\lib\layouts.js:55:22)
    at basicLayout (D:\FD\node_modules\_log4js@2.11.0@log4js\lib\layouts.js:118:7)
    at app (D:\FD\node_modules\_log4js@2.11.0@log4js\lib\appenders\dateFile.js:30:19)
    at appenders.forEach (D:\FD\node_modules\_log4js@2.11.0@log4js\lib\log4js.js:142:5)
    at Array.forEach (<anonymous>)
    at Logger.sendLogEventToAppender [as dispatch] (D:\FD\node_modules\_log4js@2.11.0@log4js\lib\log4js.js:141:13)
    at Logger._log (D:\FD\node_modules\_log4js@2.11.0@log4js\lib\logger.js:95:12)
    at Logger.(anonymous function) [as error] (D:\FD\node_modules\_log4js@2.11.0@log4js\lib\logger.js:127:14)
    at D:\FD\routes\chaedu.js:267:11
    at D:\FD\node_modules\_mongoose@4.13.17@mongoose\lib\model.js:4092:16
    at D:\FD\node_modules\_mongoose@4.13.17@mongoose\lib\services\model\applyHooks.js:175:17
    at _combinedTickCallback (internal/process/next_tick.js:131:7)
    at process._tickCallback (internal/process/next_tick.js:180:9)
  errors: 
   { chushiedu: 
      { CastError: Cast to Number failed for value "NaN" at path "chushiedu"
    at new CastError (D:\FD\node_modules\_mongoose@4.13.17@mongoose\lib\error\cast.js:27:11)
    at model.$set (D:\FD\node_modules\_mongoose@4.13.17@mongoose\lib\document.js:775:7)
    at model._handleIndex (D:\FD\node_modules\_mongoose@4.13.17@mongoose\lib\document.js:596:14)
    at model.$set (D:\FD\node_modules\_mongoose@4.13.17@mongoose\lib\document.js:556:24)
    at model.Document (D:\FD\node_modules\_mongoose@4.13.17@mongoose\lib\document.js:85:12)
    at model.Model (D:\FD\node_modules\_mongoose@4.13.17@mongoose\lib\model.js:56:12)
    at new model (D:\FD\node_modules\_mongoose@4.13.17@mongoose\lib\model.js:3939:13)
    at D:\FD\routes\chaedu.js:256:12
    at Layer.handle [as handle_request] (D:\FD\node_modules\_express@4.16.3@express\lib\router\layer.js:95:5)
    at next (D:\FD\node_modules\_express@4.16.3@express\lib\router\route.js:137:13)
    at Route.dispatch (D:\FD\node_modules\_express@4.16.3@express\lib\router\route.js:112:3)
    at Layer.handle [as handle_request] (D:\FD\node_modules\_express@4.16.3@express\lib\router\layer.js:95:5)
    at D:\FD\node_modules\_express@4.16.3@express\lib\router\index.js:281:22
    at Function.process_params (D:\FD\node_modules\_express@4.16.3@express\lib\router\index.js:335:12)
    at next (D:\FD\node_modules\_express@4.16.3@express\lib\router\index.js:275:10)
    at Function.handle (D:\FD\node_modules\_express@4.16.3@express\lib\router\index.js:174:3)
    at router (D:\FD\node_modules\_express@4.16.3@express\lib\router\index.js:47:12)
    at Layer.handle [as handle_request] (D:\FD\node_modules\_express@4.16.3@express\lib\router\layer.js:95:5)
    at trim_prefix (D:\FD\node_modules\_express@4.16.3@express\lib\router\index.js:317:13)
    at D:\FD\node_modules\_express@4.16.3@express\lib\router\index.js:284:7
    at Function.process_params (D:\FD\node_modules\_express@4.16.3@express\lib\router\index.js:335:12)
    at next (D:\FD\node_modules\_express@4.16.3@express\lib\router\index.js:275:10)
        message: 'Cast to Number failed for value "NaN" at path "chushiedu"',
        name: 'CastError',
        stringValue: '"NaN"',
        kind: 'Number',
        value: NaN,
        path: 'chushiedu',
        reason: [Object] } },
  _message: 'ping validation failed',
  name: 'ValidationError' }
[2018-09-09T01:37:15.491] [ERROR] xiaohongxian - { ValidationError: ping validation failed: chushiedu: Cast to Number failed for value "NaN" at path "chushiedu"
    at ValidationError.inspect (D:\FD\node_modules\_mongoose@4.13.17@mongoose\lib\error\validation.js:57:23)
    at formatValue (util.js:430:38)
    at inspect (util.js:324:10)
    at Object.format (util.js:191:12)
    at Object.inspect (D:\FD\node_modules\_log4js@2.11.0@log4js\lib\layouts.js:36:66)
    at formatValue (util.js:430:38)
    at inspect (util.js:324:10)
    at Object.format (util.js:191:12)
    at formatLogData (D:\FD\node_modules\_log4js@2.11.0@log4js\lib\layouts.js:55:22)
    at basicLayout (D:\FD\node_modules\_log4js@2.11.0@log4js\lib\layouts.js:118:7)
    at app (D:\FD\node_modules\_log4js@2.11.0@log4js\lib\appenders\dateFile.js:30:19)
    at appenders.forEach (D:\FD\node_modules\_log4js@2.11.0@log4js\lib\log4js.js:142:5)
    at Array.forEach (<anonymous>)
    at Logger.sendLogEventToAppender [as dispatch] (D:\FD\node_modules\_log4js@2.11.0@log4js\lib\log4js.js:141:13)
    at Logger._log (D:\FD\node_modules\_log4js@2.11.0@log4js\lib\logger.js:95:12)
    at Logger.(anonymous function) [as error] (D:\FD\node_modules\_log4js@2.11.0@log4js\lib\logger.js:127:14)
    at D:\FD\routes\chaedu.js:267:11
    at D:\FD\node_modules\_mongoose@4.13.17@mongoose\lib\model.js:4092:16
    at D:\FD\node_modules\_mongoose@4.13.17@mongoose\lib\services\model\applyHooks.js:175:17
    at _combinedTickCallback (internal/process/next_tick.js:131:7)
    at process._tickCallback (internal/process/next_tick.js:180:9)
  errors: 
   { chushiedu: 
      { CastError: Cast to Number failed for value "NaN" at path "chushiedu"
    at new CastError (D:\FD\node_modules\_mongoose@4.13.17@mongoose\lib\error\cast.js:27:11)
    at model.$set (D:\FD\node_modules\_mongoose@4.13.17@mongoose\lib\document.js:775:7)
    at model._handleIndex (D:\FD\node_modules\_mongoose@4.13.17@mongoose\lib\document.js:596:14)
    at model.$set (D:\FD\node_modules\_mongoose@4.13.17@mongoose\lib\document.js:556:24)
    at model.Document (D:\FD\node_modules\_mongoose@4.13.17@mongoose\lib\document.js:85:12)
    at model.Model (D:\FD\node_modules\_mongoose@4.13.17@mongoose\lib\model.js:56:12)
    at new model (D:\FD\node_modules\_mongoose@4.13.17@mongoose\lib\model.js:3939:13)
    at D:\FD\routes\chaedu.js:256:12
    at Layer.handle [as handle_request] (D:\FD\node_modules\_express@4.16.3@express\lib\router\layer.js:95:5)
    at next (D:\FD\node_modules\_express@4.16.3@express\lib\router\route.js:137:13)
    at Route.dispatch (D:\FD\node_modules\_express@4.16.3@express\lib\router\route.js:112:3)
    at Layer.handle [as handle_request] (D:\FD\node_modules\_express@4.16.3@express\lib\router\layer.js:95:5)
    at D:\FD\node_modules\_express@4.16.3@express\lib\router\index.js:281:22
    at Function.process_params (D:\FD\node_modules\_express@4.16.3@express\lib\router\index.js:335:12)
    at next (D:\FD\node_modules\_express@4.16.3@express\lib\router\index.js:275:10)
    at Function.handle (D:\FD\node_modules\_express@4.16.3@express\lib\router\index.js:174:3)
    at router (D:\FD\node_modules\_express@4.16.3@express\lib\router\index.js:47:12)
    at Layer.handle [as handle_request] (D:\FD\node_modules\_express@4.16.3@express\lib\router\layer.js:95:5)
    at trim_prefix (D:\FD\node_modules\_express@4.16.3@express\lib\router\index.js:317:13)
    at D:\FD\node_modules\_express@4.16.3@express\lib\router\index.js:284:7
    at Function.process_params (D:\FD\node_modules\_express@4.16.3@express\lib\router\index.js:335:12)
    at next (D:\FD\node_modules\_express@4.16.3@express\lib\router\index.js:275:10)
        message: 'Cast to Number failed for value "NaN" at path "chushiedu"',
        name: 'CastError',
        stringValue: '"NaN"',
        kind: 'Number',
        value: NaN,
        path: 'chushiedu',
        reason: [Object] } },
  _message: 'ping validation failed',
  name: 'ValidationError' }
[2018-09-09T01:37:16.108] [ERROR] xiaohongxian - { ValidationError: ping validation failed: chushiedu: Cast to Number failed for value "NaN" at path "chushiedu"
    at ValidationError.inspect (D:\FD\node_modules\_mongoose@4.13.17@mongoose\lib\error\validation.js:57:23)
    at formatValue (util.js:430:38)
    at inspect (util.js:324:10)
    at Object.format (util.js:191:12)
    at Object.inspect (D:\FD\node_modules\_log4js@2.11.0@log4js\lib\layouts.js:36:66)
    at formatValue (util.js:430:38)
    at inspect (util.js:324:10)
    at Object.format (util.js:191:12)
    at formatLogData (D:\FD\node_modules\_log4js@2.11.0@log4js\lib\layouts.js:55:22)
    at basicLayout (D:\FD\node_modules\_log4js@2.11.0@log4js\lib\layouts.js:118:7)
    at app (D:\FD\node_modules\_log4js@2.11.0@log4js\lib\appenders\dateFile.js:30:19)
    at appenders.forEach (D:\FD\node_modules\_log4js@2.11.0@log4js\lib\log4js.js:142:5)
    at Array.forEach (<anonymous>)
    at Logger.sendLogEventToAppender [as dispatch] (D:\FD\node_modules\_log4js@2.11.0@log4js\lib\log4js.js:141:13)
    at Logger._log (D:\FD\node_modules\_log4js@2.11.0@log4js\lib\logger.js:95:12)
    at Logger.(anonymous function) [as error] (D:\FD\node_modules\_log4js@2.11.0@log4js\lib\logger.js:127:14)
    at D:\FD\routes\chaedu.js:267:11
    at D:\FD\node_modules\_mongoose@4.13.17@mongoose\lib\model.js:4092:16
    at D:\FD\node_modules\_mongoose@4.13.17@mongoose\lib\services\model\applyHooks.js:175:17
    at _combinedTickCallback (internal/process/next_tick.js:131:7)
    at process._tickCallback (internal/process/next_tick.js:180:9)
  errors: 
   { chushiedu: 
      { CastError: Cast to Number failed for value "NaN" at path "chushiedu"
    at new CastError (D:\FD\node_modules\_mongoose@4.13.17@mongoose\lib\error\cast.js:27:11)
    at model.$set (D:\FD\node_modules\_mongoose@4.13.17@mongoose\lib\document.js:775:7)
    at model._handleIndex (D:\FD\node_modules\_mongoose@4.13.17@mongoose\lib\document.js:596:14)
    at model.$set (D:\FD\node_modules\_mongoose@4.13.17@mongoose\lib\document.js:556:24)
    at model.Document (D:\FD\node_modules\_mongoose@4.13.17@mongoose\lib\document.js:85:12)
    at model.Model (D:\FD\node_modules\_mongoose@4.13.17@mongoose\lib\model.js:56:12)
    at new model (D:\FD\node_modules\_mongoose@4.13.17@mongoose\lib\model.js:3939:13)
    at D:\FD\routes\chaedu.js:256:12
    at Layer.handle [as handle_request] (D:\FD\node_modules\_express@4.16.3@express\lib\router\layer.js:95:5)
    at next (D:\FD\node_modules\_express@4.16.3@express\lib\router\route.js:137:13)
    at Route.dispatch (D:\FD\node_modules\_express@4.16.3@express\lib\router\route.js:112:3)
    at Layer.handle [as handle_request] (D:\FD\node_modules\_express@4.16.3@express\lib\router\layer.js:95:5)
    at D:\FD\node_modules\_express@4.16.3@express\lib\router\index.js:281:22
    at Function.process_params (D:\FD\node_modules\_express@4.16.3@express\lib\router\index.js:335:12)
    at next (D:\FD\node_modules\_express@4.16.3@express\lib\router\index.js:275:10)
    at Function.handle (D:\FD\node_modules\_express@4.16.3@express\lib\router\index.js:174:3)
    at router (D:\FD\node_modules\_express@4.16.3@express\lib\router\index.js:47:12)
    at Layer.handle [as handle_request] (D:\FD\node_modules\_express@4.16.3@express\lib\router\layer.js:95:5)
    at trim_prefix (D:\FD\node_modules\_express@4.16.3@express\lib\router\index.js:317:13)
    at D:\FD\node_modules\_express@4.16.3@express\lib\router\index.js:284:7
    at Function.process_params (D:\FD\node_modules\_express@4.16.3@express\lib\router\index.js:335:12)
    at next (D:\FD\node_modules\_express@4.16.3@express\lib\router\index.js:275:10)
        message: 'Cast to Number failed for value "NaN" at path "chushiedu"',
        name: 'CastError',
        stringValue: '"NaN"',
        kind: 'Number',
        value: NaN,
        path: 'chushiedu',
        reason: [Object] } },
  _message: 'ping validation failed',
  name: 'ValidationError' }
[2018-09-09T01:37:17.493] [ERROR] xiaohongxian - { ValidationError: ping validation failed: chushiedu: Cast to Number failed for value "NaN" at path "chushiedu"
    at ValidationError.inspect (D:\FD\node_modules\_mongoose@4.13.17@mongoose\lib\error\validation.js:57:23)
    at formatValue (util.js:430:38)
    at inspect (util.js:324:10)
    at Object.format (util.js:191:12)
    at Object.inspect (D:\FD\node_modules\_log4js@2.11.0@log4js\lib\layouts.js:36:66)
    at formatValue (util.js:430:38)
    at inspect (util.js:324:10)
    at Object.format (util.js:191:12)
    at formatLogData (D:\FD\node_modules\_log4js@2.11.0@log4js\lib\layouts.js:55:22)
    at basicLayout (D:\FD\node_modules\_log4js@2.11.0@log4js\lib\layouts.js:118:7)
    at app (D:\FD\node_modules\_log4js@2.11.0@log4js\lib\appenders\dateFile.js:30:19)
    at appenders.forEach (D:\FD\node_modules\_log4js@2.11.0@log4js\lib\log4js.js:142:5)
    at Array.forEach (<anonymous>)
    at Logger.sendLogEventToAppender [as dispatch] (D:\FD\node_modules\_log4js@2.11.0@log4js\lib\log4js.js:141:13)
    at Logger._log (D:\FD\node_modules\_log4js@2.11.0@log4js\lib\logger.js:95:12)
    at Logger.(anonymous function) [as error] (D:\FD\node_modules\_log4js@2.11.0@log4js\lib\logger.js:127:14)
    at D:\FD\routes\chaedu.js:267:11
    at D:\FD\node_modules\_mongoose@4.13.17@mongoose\lib\model.js:4092:16
    at D:\FD\node_modules\_mongoose@4.13.17@mongoose\lib\services\model\applyHooks.js:175:17
    at _combinedTickCallback (internal/process/next_tick.js:131:7)
    at process._tickCallback (internal/process/next_tick.js:180:9)
  errors: 
   { chushiedu: 
      { CastError: Cast to Number failed for value "NaN" at path "chushiedu"
    at new CastError (D:\FD\node_modules\_mongoose@4.13.17@mongoose\lib\error\cast.js:27:11)
    at model.$set (D:\FD\node_modules\_mongoose@4.13.17@mongoose\lib\document.js:775:7)
    at model._handleIndex (D:\FD\node_modules\_mongoose@4.13.17@mongoose\lib\document.js:596:14)
    at model.$set (D:\FD\node_modules\_mongoose@4.13.17@mongoose\lib\document.js:556:24)
    at model.Document (D:\FD\node_modules\_mongoose@4.13.17@mongoose\lib\document.js:85:12)
    at model.Model (D:\FD\node_modules\_mongoose@4.13.17@mongoose\lib\model.js:56:12)
    at new model (D:\FD\node_modules\_mongoose@4.13.17@mongoose\lib\model.js:3939:13)
    at D:\FD\routes\chaedu.js:256:12
    at Layer.handle [as handle_request] (D:\FD\node_modules\_express@4.16.3@express\lib\router\layer.js:95:5)
    at next (D:\FD\node_modules\_express@4.16.3@express\lib\router\route.js:137:13)
    at Route.dispatch (D:\FD\node_modules\_express@4.16.3@express\lib\router\route.js:112:3)
    at Layer.handle [as handle_request] (D:\FD\node_modules\_express@4.16.3@express\lib\router\layer.js:95:5)
    at D:\FD\node_modules\_express@4.16.3@express\lib\router\index.js:281:22
    at Function.process_params (D:\FD\node_modules\_express@4.16.3@express\lib\router\index.js:335:12)
    at next (D:\FD\node_modules\_express@4.16.3@express\lib\router\index.js:275:10)
    at Function.handle (D:\FD\node_modules\_express@4.16.3@express\lib\router\index.js:174:3)
    at router (D:\FD\node_modules\_express@4.16.3@express\lib\router\index.js:47:12)
    at Layer.handle [as handle_request] (D:\FD\node_modules\_express@4.16.3@express\lib\router\layer.js:95:5)
    at trim_prefix (D:\FD\node_modules\_express@4.16.3@express\lib\router\index.js:317:13)
    at D:\FD\node_modules\_express@4.16.3@express\lib\router\index.js:284:7
    at Function.process_params (D:\FD\node_modules\_express@4.16.3@express\lib\router\index.js:335:12)
    at next (D:\FD\node_modules\_express@4.16.3@express\lib\router\index.js:275:10)
        message: 'Cast to Number failed for value "NaN" at path "chushiedu"',
        name: 'CastError',
        stringValue: '"NaN"',
        kind: 'Number',
        value: NaN,
        path: 'chushiedu',
        reason: [Object] } },
  _message: 'ping validation failed',
  name: 'ValidationError' }
[2018-09-09T01:37:18.132] [ERROR] xiaohongxian - { ValidationError: ping validation failed: chushiedu: Cast to Number failed for value "NaN" at path "chushiedu"
    at ValidationError.inspect (D:\FD\node_modules\_mongoose@4.13.17@mongoose\lib\error\validation.js:57:23)
    at formatValue (util.js:430:38)
    at inspect (util.js:324:10)
    at Object.format (util.js:191:12)
    at Object.inspect (D:\FD\node_modules\_log4js@2.11.0@log4js\lib\layouts.js:36:66)
    at formatValue (util.js:430:38)
    at inspect (util.js:324:10)
    at Object.format (util.js:191:12)
    at formatLogData (D:\FD\node_modules\_log4js@2.11.0@log4js\lib\layouts.js:55:22)
    at basicLayout (D:\FD\node_modules\_log4js@2.11.0@log4js\lib\layouts.js:118:7)
    at app (D:\FD\node_modules\_log4js@2.11.0@log4js\lib\appenders\dateFile.js:30:19)
    at appenders.forEach (D:\FD\node_modules\_log4js@2.11.0@log4js\lib\log4js.js:142:5)
    at Array.forEach (<anonymous>)
    at Logger.sendLogEventToAppender [as dispatch] (D:\FD\node_modules\_log4js@2.11.0@log4js\lib\log4js.js:141:13)
    at Logger._log (D:\FD\node_modules\_log4js@2.11.0@log4js\lib\logger.js:95:12)
    at Logger.(anonymous function) [as error] (D:\FD\node_modules\_log4js@2.11.0@log4js\lib\logger.js:127:14)
    at D:\FD\routes\chaedu.js:267:11
    at D:\FD\node_modules\_mongoose@4.13.17@mongoose\lib\model.js:4092:16
    at D:\FD\node_modules\_mongoose@4.13.17@mongoose\lib\services\model\applyHooks.js:175:17
    at _combinedTickCallback (internal/process/next_tick.js:131:7)
    at process._tickCallback (internal/process/next_tick.js:180:9)
  errors: 
   { chushiedu: 
      { CastError: Cast to Number failed for value "NaN" at path "chushiedu"
    at new CastError (D:\FD\node_modules\_mongoose@4.13.17@mongoose\lib\error\cast.js:27:11)
    at model.$set (D:\FD\node_modules\_mongoose@4.13.17@mongoose\lib\document.js:775:7)
    at model._handleIndex (D:\FD\node_modules\_mongoose@4.13.17@mongoose\lib\document.js:596:14)
    at model.$set (D:\FD\node_modules\_mongoose@4.13.17@mongoose\lib\document.js:556:24)
    at model.Document (D:\FD\node_modules\_mongoose@4.13.17@mongoose\lib\document.js:85:12)
    at model.Model (D:\FD\node_modules\_mongoose@4.13.17@mongoose\lib\model.js:56:12)
    at new model (D:\FD\node_modules\_mongoose@4.13.17@mongoose\lib\model.js:3939:13)
    at D:\FD\routes\chaedu.js:256:12
    at Layer.handle [as handle_request] (D:\FD\node_modules\_express@4.16.3@express\lib\router\layer.js:95:5)
    at next (D:\FD\node_modules\_express@4.16.3@express\lib\router\route.js:137:13)
    at Route.dispatch (D:\FD\node_modules\_express@4.16.3@express\lib\router\route.js:112:3)
    at Layer.handle [as handle_request] (D:\FD\node_modules\_express@4.16.3@express\lib\router\layer.js:95:5)
    at D:\FD\node_modules\_express@4.16.3@express\lib\router\index.js:281:22
    at Function.process_params (D:\FD\node_modules\_express@4.16.3@express\lib\router\index.js:335:12)
    at next (D:\FD\node_modules\_express@4.16.3@express\lib\router\index.js:275:10)
    at Function.handle (D:\FD\node_modules\_express@4.16.3@express\lib\router\index.js:174:3)
    at router (D:\FD\node_modules\_express@4.16.3@express\lib\router\index.js:47:12)
    at Layer.handle [as handle_request] (D:\FD\node_modules\_express@4.16.3@express\lib\router\layer.js:95:5)
    at trim_prefix (D:\FD\node_modules\_express@4.16.3@express\lib\router\index.js:317:13)
    at D:\FD\node_modules\_express@4.16.3@express\lib\router\index.js:284:7
    at Function.process_params (D:\FD\node_modules\_express@4.16.3@express\lib\router\index.js:335:12)
    at next (D:\FD\node_modules\_express@4.16.3@express\lib\router\index.js:275:10)
        message: 'Cast to Number failed for value "NaN" at path "chushiedu"',
        name: 'CastError',
        stringValue: '"NaN"',
        kind: 'Number',
        value: NaN,
        path: 'chushiedu',
        reason: [Object] } },
  _message: 'ping validation failed',
  name: 'ValidationError' }
[2018-09-09T01:37:23.390] [ERROR] xiaohongxian - { ValidationError: ping validation failed: chushiedu: Cast to Number failed for value "NaN" at path "chushiedu"
    at ValidationError.inspect (D:\FD\node_modules\_mongoose@4.13.17@mongoose\lib\error\validation.js:57:23)
    at formatValue (util.js:430:38)
    at inspect (util.js:324:10)
    at Object.format (util.js:191:12)
    at Object.inspect (D:\FD\node_modules\_log4js@2.11.0@log4js\lib\layouts.js:36:66)
    at formatValue (util.js:430:38)
    at inspect (util.js:324:10)
    at Object.format (util.js:191:12)
    at formatLogData (D:\FD\node_modules\_log4js@2.11.0@log4js\lib\layouts.js:55:22)
    at basicLayout (D:\FD\node_modules\_log4js@2.11.0@log4js\lib\layouts.js:118:7)
    at app (D:\FD\node_modules\_log4js@2.11.0@log4js\lib\appenders\dateFile.js:30:19)
    at appenders.forEach (D:\FD\node_modules\_log4js@2.11.0@log4js\lib\log4js.js:142:5)
    at Array.forEach (<anonymous>)
    at Logger.sendLogEventToAppender [as dispatch] (D:\FD\node_modules\_log4js@2.11.0@log4js\lib\log4js.js:141:13)
    at Logger._log (D:\FD\node_modules\_log4js@2.11.0@log4js\lib\logger.js:95:12)
    at Logger.(anonymous function) [as error] (D:\FD\node_modules\_log4js@2.11.0@log4js\lib\logger.js:127:14)
    at D:\FD\routes\chaedu.js:267:11
    at D:\FD\node_modules\_mongoose@4.13.17@mongoose\lib\model.js:4092:16
    at D:\FD\node_modules\_mongoose@4.13.17@mongoose\lib\services\model\applyHooks.js:175:17
    at _combinedTickCallback (internal/process/next_tick.js:131:7)
    at process._tickCallback (internal/process/next_tick.js:180:9)
  errors: 
   { chushiedu: 
      { CastError: Cast to Number failed for value "NaN" at path "chushiedu"
    at new CastError (D:\FD\node_modules\_mongoose@4.13.17@mongoose\lib\error\cast.js:27:11)
    at model.$set (D:\FD\node_modules\_mongoose@4.13.17@mongoose\lib\document.js:775:7)
    at model._handleIndex (D:\FD\node_modules\_mongoose@4.13.17@mongoose\lib\document.js:596:14)
    at model.$set (D:\FD\node_modules\_mongoose@4.13.17@mongoose\lib\document.js:556:24)
    at model.Document (D:\FD\node_modules\_mongoose@4.13.17@mongoose\lib\document.js:85:12)
    at model.Model (D:\FD\node_modules\_mongoose@4.13.17@mongoose\lib\model.js:56:12)
    at new model (D:\FD\node_modules\_mongoose@4.13.17@mongoose\lib\model.js:3939:13)
    at D:\FD\routes\chaedu.js:256:12
    at Layer.handle [as handle_request] (D:\FD\node_modules\_express@4.16.3@express\lib\router\layer.js:95:5)
    at next (D:\FD\node_modules\_express@4.16.3@express\lib\router\route.js:137:13)
    at Route.dispatch (D:\FD\node_modules\_express@4.16.3@express\lib\router\route.js:112:3)
    at Layer.handle [as handle_request] (D:\FD\node_modules\_express@4.16.3@express\lib\router\layer.js:95:5)
    at D:\FD\node_modules\_express@4.16.3@express\lib\router\index.js:281:22
    at Function.process_params (D:\FD\node_modules\_express@4.16.3@express\lib\router\index.js:335:12)
    at next (D:\FD\node_modules\_express@4.16.3@express\lib\router\index.js:275:10)
    at Function.handle (D:\FD\node_modules\_express@4.16.3@express\lib\router\index.js:174:3)
    at router (D:\FD\node_modules\_express@4.16.3@express\lib\router\index.js:47:12)
    at Layer.handle [as handle_request] (D:\FD\node_modules\_express@4.16.3@express\lib\router\layer.js:95:5)
    at trim_prefix (D:\FD\node_modules\_express@4.16.3@express\lib\router\index.js:317:13)
    at D:\FD\node_modules\_express@4.16.3@express\lib\router\index.js:284:7
    at Function.process_params (D:\FD\node_modules\_express@4.16.3@express\lib\router\index.js:335:12)
    at next (D:\FD\node_modules\_express@4.16.3@express\lib\router\index.js:275:10)
        message: 'Cast to Number failed for value "NaN" at path "chushiedu"',
        name: 'CastError',
        stringValue: '"NaN"',
        kind: 'Number',
        value: NaN,
        path: 'chushiedu',
        reason: [Object] } },
  _message: 'ping validation failed',
  name: 'ValidationError' }
[2018-09-09T01:37:23.926] [ERROR] xiaohongxian - { ValidationError: ping validation failed: chushiedu: Cast to Number failed for value "NaN" at path "chushiedu"
    at ValidationError.inspect (D:\FD\node_modules\_mongoose@4.13.17@mongoose\lib\error\validation.js:57:23)
    at formatValue (util.js:430:38)
    at inspect (util.js:324:10)
    at Object.format (util.js:191:12)
    at Object.inspect (D:\FD\node_modules\_log4js@2.11.0@log4js\lib\layouts.js:36:66)
    at formatValue (util.js:430:38)
    at inspect (util.js:324:10)
    at Object.format (util.js:191:12)
    at formatLogData (D:\FD\node_modules\_log4js@2.11.0@log4js\lib\layouts.js:55:22)
    at basicLayout (D:\FD\node_modules\_log4js@2.11.0@log4js\lib\layouts.js:118:7)
    at app (D:\FD\node_modules\_log4js@2.11.0@log4js\lib\appenders\dateFile.js:30:19)
    at appenders.forEach (D:\FD\node_modules\_log4js@2.11.0@log4js\lib\log4js.js:142:5)
    at Array.forEach (<anonymous>)
    at Logger.sendLogEventToAppender [as dispatch] (D:\FD\node_modules\_log4js@2.11.0@log4js\lib\log4js.js:141:13)
    at Logger._log (D:\FD\node_modules\_log4js@2.11.0@log4js\lib\logger.js:95:12)
    at Logger.(anonymous function) [as error] (D:\FD\node_modules\_log4js@2.11.0@log4js\lib\logger.js:127:14)
    at D:\FD\routes\chaedu.js:267:11
    at D:\FD\node_modules\_mongoose@4.13.17@mongoose\lib\model.js:4092:16
    at D:\FD\node_modules\_mongoose@4.13.17@mongoose\lib\services\model\applyHooks.js:175:17
    at _combinedTickCallback (internal/process/next_tick.js:131:7)
    at process._tickCallback (internal/process/next_tick.js:180:9)
  errors: 
   { chushiedu: 
      { CastError: Cast to Number failed for value "NaN" at path "chushiedu"
    at new CastError (D:\FD\node_modules\_mongoose@4.13.17@mongoose\lib\error\cast.js:27:11)
    at model.$set (D:\FD\node_modules\_mongoose@4.13.17@mongoose\lib\document.js:775:7)
    at model._handleIndex (D:\FD\node_modules\_mongoose@4.13.17@mongoose\lib\document.js:596:14)
    at model.$set (D:\FD\node_modules\_mongoose@4.13.17@mongoose\lib\document.js:556:24)
    at model.Document (D:\FD\node_modules\_mongoose@4.13.17@mongoose\lib\document.js:85:12)
    at model.Model (D:\FD\node_modules\_mongoose@4.13.17@mongoose\lib\model.js:56:12)
    at new model (D:\FD\node_modules\_mongoose@4.13.17@mongoose\lib\model.js:3939:13)
    at D:\FD\routes\chaedu.js:256:12
    at Layer.handle [as handle_request] (D:\FD\node_modules\_express@4.16.3@express\lib\router\layer.js:95:5)
    at next (D:\FD\node_modules\_express@4.16.3@express\lib\router\route.js:137:13)
    at Route.dispatch (D:\FD\node_modules\_express@4.16.3@express\lib\router\route.js:112:3)
    at Layer.handle [as handle_request] (D:\FD\node_modules\_express@4.16.3@express\lib\router\layer.js:95:5)
    at D:\FD\node_modules\_express@4.16.3@express\lib\router\index.js:281:22
    at Function.process_params (D:\FD\node_modules\_express@4.16.3@express\lib\router\index.js:335:12)
    at next (D:\FD\node_modules\_express@4.16.3@express\lib\router\index.js:275:10)
    at Function.handle (D:\FD\node_modules\_express@4.16.3@express\lib\router\index.js:174:3)
    at router (D:\FD\node_modules\_express@4.16.3@express\lib\router\index.js:47:12)
    at Layer.handle [as handle_request] (D:\FD\node_modules\_express@4.16.3@express\lib\router\layer.js:95:5)
    at trim_prefix (D:\FD\node_modules\_express@4.16.3@express\lib\router\index.js:317:13)
    at D:\FD\node_modules\_express@4.16.3@express\lib\router\index.js:284:7
    at Function.process_params (D:\FD\node_modules\_express@4.16.3@express\lib\router\index.js:335:12)
    at next (D:\FD\node_modules\_express@4.16.3@express\lib\router\index.js:275:10)
        message: 'Cast to Number failed for value "NaN" at path "chushiedu"',
        name: 'CastError',
        stringValue: '"NaN"',
        kind: 'Number',
        value: NaN,
        path: 'chushiedu',
        reason: [Object] } },
  _message: 'ping validation failed',
  name: 'ValidationError' }
[2018-09-09T01:37:35.038] [ERROR] xiaohongxian - { ValidationError: ping validation failed: chushiedu: Cast to Number failed for value "NaN" at path "chushiedu"
    at ValidationError.inspect (D:\FD\node_modules\_mongoose@4.13.17@mongoose\lib\error\validation.js:57:23)
    at formatValue (util.js:430:38)
    at inspect (util.js:324:10)
    at Object.format (util.js:191:12)
    at Object.inspect (D:\FD\node_modules\_log4js@2.11.0@log4js\lib\layouts.js:36:66)
    at formatValue (util.js:430:38)
    at inspect (util.js:324:10)
    at Object.format (util.js:191:12)
    at formatLogData (D:\FD\node_modules\_log4js@2.11.0@log4js\lib\layouts.js:55:22)
    at basicLayout (D:\FD\node_modules\_log4js@2.11.0@log4js\lib\layouts.js:118:7)
    at app (D:\FD\node_modules\_log4js@2.11.0@log4js\lib\appenders\dateFile.js:30:19)
    at appenders.forEach (D:\FD\node_modules\_log4js@2.11.0@log4js\lib\log4js.js:142:5)
    at Array.forEach (<anonymous>)
    at Logger.sendLogEventToAppender [as dispatch] (D:\FD\node_modules\_log4js@2.11.0@log4js\lib\log4js.js:141:13)
    at Logger._log (D:\FD\node_modules\_log4js@2.11.0@log4js\lib\logger.js:95:12)
    at Logger.(anonymous function) [as error] (D:\FD\node_modules\_log4js@2.11.0@log4js\lib\logger.js:127:14)
    at D:\FD\routes\chaedu.js:267:11
    at D:\FD\node_modules\_mongoose@4.13.17@mongoose\lib\model.js:4092:16
    at D:\FD\node_modules\_mongoose@4.13.17@mongoose\lib\services\model\applyHooks.js:175:17
    at _combinedTickCallback (internal/process/next_tick.js:131:7)
    at process._tickCallback (internal/process/next_tick.js:180:9)
  errors: 
   { chushiedu: 
      { CastError: Cast to Number failed for value "NaN" at path "chushiedu"
    at new CastError (D:\FD\node_modules\_mongoose@4.13.17@mongoose\lib\error\cast.js:27:11)
    at model.$set (D:\FD\node_modules\_mongoose@4.13.17@mongoose\lib\document.js:775:7)
    at model._handleIndex (D:\FD\node_modules\_mongoose@4.13.17@mongoose\lib\document.js:596:14)
    at model.$set (D:\FD\node_modules\_mongoose@4.13.17@mongoose\lib\document.js:556:24)
    at model.Document (D:\FD\node_modules\_mongoose@4.13.17@mongoose\lib\document.js:85:12)
    at model.Model (D:\FD\node_modules\_mongoose@4.13.17@mongoose\lib\model.js:56:12)
    at new model (D:\FD\node_modules\_mongoose@4.13.17@mongoose\lib\model.js:3939:13)
    at D:\FD\routes\chaedu.js:256:12
    at Layer.handle [as handle_request] (D:\FD\node_modules\_express@4.16.3@express\lib\router\layer.js:95:5)
    at next (D:\FD\node_modules\_express@4.16.3@express\lib\router\route.js:137:13)
    at Route.dispatch (D:\FD\node_modules\_express@4.16.3@express\lib\router\route.js:112:3)
    at Layer.handle [as handle_request] (D:\FD\node_modules\_express@4.16.3@express\lib\router\layer.js:95:5)
    at D:\FD\node_modules\_express@4.16.3@express\lib\router\index.js:281:22
    at Function.process_params (D:\FD\node_modules\_express@4.16.3@express\lib\router\index.js:335:12)
    at next (D:\FD\node_modules\_express@4.16.3@express\lib\router\index.js:275:10)
    at Function.handle (D:\FD\node_modules\_express@4.16.3@express\lib\router\index.js:174:3)
    at router (D:\FD\node_modules\_express@4.16.3@express\lib\router\index.js:47:12)
    at Layer.handle [as handle_request] (D:\FD\node_modules\_express@4.16.3@express\lib\router\layer.js:95:5)
    at trim_prefix (D:\FD\node_modules\_express@4.16.3@express\lib\router\index.js:317:13)
    at D:\FD\node_modules\_express@4.16.3@express\lib\router\index.js:284:7
    at Function.process_params (D:\FD\node_modules\_express@4.16.3@express\lib\router\index.js:335:12)
    at next (D:\FD\node_modules\_express@4.16.3@express\lib\router\index.js:275:10)
        message: 'Cast to Number failed for value "NaN" at path "chushiedu"',
        name: 'CastError',
        stringValue: '"NaN"',
        kind: 'Number',
        value: NaN,
        path: 'chushiedu',
        reason: [Object] } },
  _message: 'ping validation failed',
  name: 'ValidationError' }
[2018-09-09T01:37:35.668] [ERROR] xiaohongxian - { ValidationError: ping validation failed: chushiedu: Cast to Number failed for value "NaN" at path "chushiedu"
    at ValidationError.inspect (D:\FD\node_modules\_mongoose@4.13.17@mongoose\lib\error\validation.js:57:23)
    at formatValue (util.js:430:38)
    at inspect (util.js:324:10)
    at Object.format (util.js:191:12)
    at Object.inspect (D:\FD\node_modules\_log4js@2.11.0@log4js\lib\layouts.js:36:66)
    at formatValue (util.js:430:38)
    at inspect (util.js:324:10)
    at Object.format (util.js:191:12)
    at formatLogData (D:\FD\node_modules\_log4js@2.11.0@log4js\lib\layouts.js:55:22)
    at basicLayout (D:\FD\node_modules\_log4js@2.11.0@log4js\lib\layouts.js:118:7)
    at app (D:\FD\node_modules\_log4js@2.11.0@log4js\lib\appenders\dateFile.js:30:19)
    at appenders.forEach (D:\FD\node_modules\_log4js@2.11.0@log4js\lib\log4js.js:142:5)
    at Array.forEach (<anonymous>)
    at Logger.sendLogEventToAppender [as dispatch] (D:\FD\node_modules\_log4js@2.11.0@log4js\lib\log4js.js:141:13)
    at Logger._log (D:\FD\node_modules\_log4js@2.11.0@log4js\lib\logger.js:95:12)
    at Logger.(anonymous function) [as error] (D:\FD\node_modules\_log4js@2.11.0@log4js\lib\logger.js:127:14)
    at D:\FD\routes\chaedu.js:267:11
    at D:\FD\node_modules\_mongoose@4.13.17@mongoose\lib\model.js:4092:16
    at D:\FD\node_modules\_mongoose@4.13.17@mongoose\lib\services\model\applyHooks.js:175:17
    at _combinedTickCallback (internal/process/next_tick.js:131:7)
    at process._tickCallback (internal/process/next_tick.js:180:9)
  errors: 
   { chushiedu: 
      { CastError: Cast to Number failed for value "NaN" at path "chushiedu"
    at new CastError (D:\FD\node_modules\_mongoose@4.13.17@mongoose\lib\error\cast.js:27:11)
    at model.$set (D:\FD\node_modules\_mongoose@4.13.17@mongoose\lib\document.js:775:7)
    at model._handleIndex (D:\FD\node_modules\_mongoose@4.13.17@mongoose\lib\document.js:596:14)
    at model.$set (D:\FD\node_modules\_mongoose@4.13.17@mongoose\lib\document.js:556:24)
    at model.Document (D:\FD\node_modules\_mongoose@4.13.17@mongoose\lib\document.js:85:12)
    at model.Model (D:\FD\node_modules\_mongoose@4.13.17@mongoose\lib\model.js:56:12)
    at new model (D:\FD\node_modules\_mongoose@4.13.17@mongoose\lib\model.js:3939:13)
    at D:\FD\routes\chaedu.js:256:12
    at Layer.handle [as handle_request] (D:\FD\node_modules\_express@4.16.3@express\lib\router\layer.js:95:5)
    at next (D:\FD\node_modules\_express@4.16.3@express\lib\router\route.js:137:13)
    at Route.dispatch (D:\FD\node_modules\_express@4.16.3@express\lib\router\route.js:112:3)
    at Layer.handle [as handle_request] (D:\FD\node_modules\_express@4.16.3@express\lib\router\layer.js:95:5)
    at D:\FD\node_modules\_express@4.16.3@express\lib\router\index.js:281:22
    at Function.process_params (D:\FD\node_modules\_express@4.16.3@express\lib\router\index.js:335:12)
    at next (D:\FD\node_modules\_express@4.16.3@express\lib\router\index.js:275:10)
    at Function.handle (D:\FD\node_modules\_express@4.16.3@express\lib\router\index.js:174:3)
    at router (D:\FD\node_modules\_express@4.16.3@express\lib\router\index.js:47:12)
    at Layer.handle [as handle_request] (D:\FD\node_modules\_express@4.16.3@express\lib\router\layer.js:95:5)
    at trim_prefix (D:\FD\node_modules\_express@4.16.3@express\lib\router\index.js:317:13)
    at D:\FD\node_modules\_express@4.16.3@express\lib\router\index.js:284:7
    at Function.process_params (D:\FD\node_modules\_express@4.16.3@express\lib\router\index.js:335:12)
    at next (D:\FD\node_modules\_express@4.16.3@express\lib\router\index.js:275:10)
        message: 'Cast to Number failed for value "NaN" at path "chushiedu"',
        name: 'CastError',
        stringValue: '"NaN"',
        kind: 'Number',
        value: NaN,
        path: 'chushiedu',
        reason: [Object] } },
  _message: 'ping validation failed',
  name: 'ValidationError' }
[2018-09-09T01:37:39.589] [ERROR] xiaohongxian - { ValidationError: ping validation failed: chushiedu: Cast to Number failed for value "NaN" at path "chushiedu"
    at ValidationError.inspect (D:\FD\node_modules\_mongoose@4.13.17@mongoose\lib\error\validation.js:57:23)
    at formatValue (util.js:430:38)
    at inspect (util.js:324:10)
    at Object.format (util.js:191:12)
    at Object.inspect (D:\FD\node_modules\_log4js@2.11.0@log4js\lib\layouts.js:36:66)
    at formatValue (util.js:430:38)
    at inspect (util.js:324:10)
    at Object.format (util.js:191:12)
    at formatLogData (D:\FD\node_modules\_log4js@2.11.0@log4js\lib\layouts.js:55:22)
    at basicLayout (D:\FD\node_modules\_log4js@2.11.0@log4js\lib\layouts.js:118:7)
    at app (D:\FD\node_modules\_log4js@2.11.0@log4js\lib\appenders\dateFile.js:30:19)
    at appenders.forEach (D:\FD\node_modules\_log4js@2.11.0@log4js\lib\log4js.js:142:5)
    at Array.forEach (<anonymous>)
    at Logger.sendLogEventToAppender [as dispatch] (D:\FD\node_modules\_log4js@2.11.0@log4js\lib\log4js.js:141:13)
    at Logger._log (D:\FD\node_modules\_log4js@2.11.0@log4js\lib\logger.js:95:12)
    at Logger.(anonymous function) [as error] (D:\FD\node_modules\_log4js@2.11.0@log4js\lib\logger.js:127:14)
    at D:\FD\routes\chaedu.js:267:11
    at D:\FD\node_modules\_mongoose@4.13.17@mongoose\lib\model.js:4092:16
    at D:\FD\node_modules\_mongoose@4.13.17@mongoose\lib\services\model\applyHooks.js:175:17
    at _combinedTickCallback (internal/process/next_tick.js:131:7)
    at process._tickCallback (internal/process/next_tick.js:180:9)
  errors: 
   { chushiedu: 
      { CastError: Cast to Number failed for value "NaN" at path "chushiedu"
    at new CastError (D:\FD\node_modules\_mongoose@4.13.17@mongoose\lib\error\cast.js:27:11)
    at model.$set (D:\FD\node_modules\_mongoose@4.13.17@mongoose\lib\document.js:775:7)
    at model._handleIndex (D:\FD\node_modules\_mongoose@4.13.17@mongoose\lib\document.js:596:14)
    at model.$set (D:\FD\node_modules\_mongoose@4.13.17@mongoose\lib\document.js:556:24)
    at model.Document (D:\FD\node_modules\_mongoose@4.13.17@mongoose\lib\document.js:85:12)
    at model.Model (D:\FD\node_modules\_mongoose@4.13.17@mongoose\lib\model.js:56:12)
    at new model (D:\FD\node_modules\_mongoose@4.13.17@mongoose\lib\model.js:3939:13)
    at D:\FD\routes\chaedu.js:256:12
    at Layer.handle [as handle_request] (D:\FD\node_modules\_express@4.16.3@express\lib\router\layer.js:95:5)
    at next (D:\FD\node_modules\_express@4.16.3@express\lib\router\route.js:137:13)
    at Route.dispatch (D:\FD\node_modules\_express@4.16.3@express\lib\router\route.js:112:3)
    at Layer.handle [as handle_request] (D:\FD\node_modules\_express@4.16.3@express\lib\router\layer.js:95:5)
    at D:\FD\node_modules\_express@4.16.3@express\lib\router\index.js:281:22
    at Function.process_params (D:\FD\node_modules\_express@4.16.3@express\lib\router\index.js:335:12)
    at next (D:\FD\node_modules\_express@4.16.3@express\lib\router\index.js:275:10)
    at Function.handle (D:\FD\node_modules\_express@4.16.3@express\lib\router\index.js:174:3)
    at router (D:\FD\node_modules\_express@4.16.3@express\lib\router\index.js:47:12)
    at Layer.handle [as handle_request] (D:\FD\node_modules\_express@4.16.3@express\lib\router\layer.js:95:5)
    at trim_prefix (D:\FD\node_modules\_express@4.16.3@express\lib\router\index.js:317:13)
    at D:\FD\node_modules\_express@4.16.3@express\lib\router\index.js:284:7
    at Function.process_params (D:\FD\node_modules\_express@4.16.3@express\lib\router\index.js:335:12)
    at next (D:\FD\node_modules\_express@4.16.3@express\lib\router\index.js:275:10)
        message: 'Cast to Number failed for value "NaN" at path "chushiedu"',
        name: 'CastError',
        stringValue: '"NaN"',
        kind: 'Number',
        value: NaN,
        path: 'chushiedu',
        reason: [Object] } },
  _message: 'ping validation failed',
  name: 'ValidationError' }
[2018-09-09T01:37:40.067] [ERROR] xiaohongxian - { ValidationError: ping validation failed: chushiedu: Cast to Number failed for value "NaN" at path "chushiedu"
    at ValidationError.inspect (D:\FD\node_modules\_mongoose@4.13.17@mongoose\lib\error\validation.js:57:23)
    at formatValue (util.js:430:38)
    at inspect (util.js:324:10)
    at Object.format (util.js:191:12)
    at Object.inspect (D:\FD\node_modules\_log4js@2.11.0@log4js\lib\layouts.js:36:66)
    at formatValue (util.js:430:38)
    at inspect (util.js:324:10)
    at Object.format (util.js:191:12)
    at formatLogData (D:\FD\node_modules\_log4js@2.11.0@log4js\lib\layouts.js:55:22)
    at basicLayout (D:\FD\node_modules\_log4js@2.11.0@log4js\lib\layouts.js:118:7)
    at app (D:\FD\node_modules\_log4js@2.11.0@log4js\lib\appenders\dateFile.js:30:19)
    at appenders.forEach (D:\FD\node_modules\_log4js@2.11.0@log4js\lib\log4js.js:142:5)
    at Array.forEach (<anonymous>)
    at Logger.sendLogEventToAppender [as dispatch] (D:\FD\node_modules\_log4js@2.11.0@log4js\lib\log4js.js:141:13)
    at Logger._log (D:\FD\node_modules\_log4js@2.11.0@log4js\lib\logger.js:95:12)
    at Logger.(anonymous function) [as error] (D:\FD\node_modules\_log4js@2.11.0@log4js\lib\logger.js:127:14)
    at D:\FD\routes\chaedu.js:267:11
    at D:\FD\node_modules\_mongoose@4.13.17@mongoose\lib\model.js:4092:16
    at D:\FD\node_modules\_mongoose@4.13.17@mongoose\lib\services\model\applyHooks.js:175:17
    at _combinedTickCallback (internal/process/next_tick.js:131:7)
    at process._tickCallback (internal/process/next_tick.js:180:9)
  errors: 
   { chushiedu: 
      { CastError: Cast to Number failed for value "NaN" at path "chushiedu"
    at new CastError (D:\FD\node_modules\_mongoose@4.13.17@mongoose\lib\error\cast.js:27:11)
    at model.$set (D:\FD\node_modules\_mongoose@4.13.17@mongoose\lib\document.js:775:7)
    at model._handleIndex (D:\FD\node_modules\_mongoose@4.13.17@mongoose\lib\document.js:596:14)
    at model.$set (D:\FD\node_modules\_mongoose@4.13.17@mongoose\lib\document.js:556:24)
    at model.Document (D:\FD\node_modules\_mongoose@4.13.17@mongoose\lib\document.js:85:12)
    at model.Model (D:\FD\node_modules\_mongoose@4.13.17@mongoose\lib\model.js:56:12)
    at new model (D:\FD\node_modules\_mongoose@4.13.17@mongoose\lib\model.js:3939:13)
    at D:\FD\routes\chaedu.js:256:12
    at Layer.handle [as handle_request] (D:\FD\node_modules\_express@4.16.3@express\lib\router\layer.js:95:5)
    at next (D:\FD\node_modules\_express@4.16.3@express\lib\router\route.js:137:13)
    at Route.dispatch (D:\FD\node_modules\_express@4.16.3@express\lib\router\route.js:112:3)
    at Layer.handle [as handle_request] (D:\FD\node_modules\_express@4.16.3@express\lib\router\layer.js:95:5)
    at D:\FD\node_modules\_express@4.16.3@express\lib\router\index.js:281:22
    at Function.process_params (D:\FD\node_modules\_express@4.16.3@express\lib\router\index.js:335:12)
    at next (D:\FD\node_modules\_express@4.16.3@express\lib\router\index.js:275:10)
    at Function.handle (D:\FD\node_modules\_express@4.16.3@express\lib\router\index.js:174:3)
    at router (D:\FD\node_modules\_express@4.16.3@express\lib\router\index.js:47:12)
    at Layer.handle [as handle_request] (D:\FD\node_modules\_express@4.16.3@express\lib\router\layer.js:95:5)
    at trim_prefix (D:\FD\node_modules\_express@4.16.3@express\lib\router\index.js:317:13)
    at D:\FD\node_modules\_express@4.16.3@express\lib\router\index.js:284:7
    at Function.process_params (D:\FD\node_modules\_express@4.16.3@express\lib\router\index.js:335:12)
    at next (D:\FD\node_modules\_express@4.16.3@express\lib\router\index.js:275:10)
        message: 'Cast to Number failed for value "NaN" at path "chushiedu"',
        name: 'CastError',
        stringValue: '"NaN"',
        kind: 'Number',
        value: NaN,
        path: 'chushiedu',
        reason: [Object] } },
  _message: 'ping validation failed',
  name: 'ValidationError' }
[2018-09-09T01:37:41.405] [ERROR] xiaohongxian - { ValidationError: ping validation failed: chushiedu: Cast to Number failed for value "NaN" at path "chushiedu"
    at ValidationError.inspect (D:\FD\node_modules\_mongoose@4.13.17@mongoose\lib\error\validation.js:57:23)
    at formatValue (util.js:430:38)
    at inspect (util.js:324:10)
    at Object.format (util.js:191:12)
    at Object.inspect (D:\FD\node_modules\_log4js@2.11.0@log4js\lib\layouts.js:36:66)
    at formatValue (util.js:430:38)
    at inspect (util.js:324:10)
    at Object.format (util.js:191:12)
    at formatLogData (D:\FD\node_modules\_log4js@2.11.0@log4js\lib\layouts.js:55:22)
    at basicLayout (D:\FD\node_modules\_log4js@2.11.0@log4js\lib\layouts.js:118:7)
    at app (D:\FD\node_modules\_log4js@2.11.0@log4js\lib\appenders\dateFile.js:30:19)
    at appenders.forEach (D:\FD\node_modules\_log4js@2.11.0@log4js\lib\log4js.js:142:5)
    at Array.forEach (<anonymous>)
    at Logger.sendLogEventToAppender [as dispatch] (D:\FD\node_modules\_log4js@2.11.0@log4js\lib\log4js.js:141:13)
    at Logger._log (D:\FD\node_modules\_log4js@2.11.0@log4js\lib\logger.js:95:12)
    at Logger.(anonymous function) [as error] (D:\FD\node_modules\_log4js@2.11.0@log4js\lib\logger.js:127:14)
    at D:\FD\routes\chaedu.js:267:11
    at D:\FD\node_modules\_mongoose@4.13.17@mongoose\lib\model.js:4092:16
    at D:\FD\node_modules\_mongoose@4.13.17@mongoose\lib\services\model\applyHooks.js:175:17
    at _combinedTickCallback (internal/process/next_tick.js:131:7)
    at process._tickCallback (internal/process/next_tick.js:180:9)
  errors: 
   { chushiedu: 
      { CastError: Cast to Number failed for value "NaN" at path "chushiedu"
    at new CastError (D:\FD\node_modules\_mongoose@4.13.17@mongoose\lib\error\cast.js:27:11)
    at model.$set (D:\FD\node_modules\_mongoose@4.13.17@mongoose\lib\document.js:775:7)
    at model._handleIndex (D:\FD\node_modules\_mongoose@4.13.17@mongoose\lib\document.js:596:14)
    at model.$set (D:\FD\node_modules\_mongoose@4.13.17@mongoose\lib\document.js:556:24)
    at model.Document (D:\FD\node_modules\_mongoose@4.13.17@mongoose\lib\document.js:85:12)
    at model.Model (D:\FD\node_modules\_mongoose@4.13.17@mongoose\lib\model.js:56:12)
    at new model (D:\FD\node_modules\_mongoose@4.13.17@mongoose\lib\model.js:3939:13)
    at D:\FD\routes\chaedu.js:256:12
    at Layer.handle [as handle_request] (D:\FD\node_modules\_express@4.16.3@express\lib\router\layer.js:95:5)
    at next (D:\FD\node_modules\_express@4.16.3@express\lib\router\route.js:137:13)
    at Route.dispatch (D:\FD\node_modules\_express@4.16.3@express\lib\router\route.js:112:3)
    at Layer.handle [as handle_request] (D:\FD\node_modules\_express@4.16.3@express\lib\router\layer.js:95:5)
    at D:\FD\node_modules\_express@4.16.3@express\lib\router\index.js:281:22
    at Function.process_params (D:\FD\node_modules\_express@4.16.3@express\lib\router\index.js:335:12)
    at next (D:\FD\node_modules\_express@4.16.3@express\lib\router\index.js:275:10)
    at Function.handle (D:\FD\node_modules\_express@4.16.3@express\lib\router\index.js:174:3)
    at router (D:\FD\node_modules\_express@4.16.3@express\lib\router\index.js:47:12)
    at Layer.handle [as handle_request] (D:\FD\node_modules\_express@4.16.3@express\lib\router\layer.js:95:5)
    at trim_prefix (D:\FD\node_modules\_express@4.16.3@express\lib\router\index.js:317:13)
    at D:\FD\node_modules\_express@4.16.3@express\lib\router\index.js:284:7
    at Function.process_params (D:\FD\node_modules\_express@4.16.3@express\lib\router\index.js:335:12)
    at next (D:\FD\node_modules\_express@4.16.3@express\lib\router\index.js:275:10)
        message: 'Cast to Number failed for value "NaN" at path "chushiedu"',
        name: 'CastError',
        stringValue: '"NaN"',
        kind: 'Number',
        value: NaN,
        path: 'chushiedu',
        reason: [Object] } },
  _message: 'ping validation failed',
  name: 'ValidationError' }
[2018-09-09T01:37:41.755] [ERROR] xiaohongxian - { ValidationError: ping validation failed: chushiedu: Cast to Number failed for value "NaN" at path "chushiedu"
    at ValidationError.inspect (D:\FD\node_modules\_mongoose@4.13.17@mongoose\lib\error\validation.js:57:23)
    at formatValue (util.js:430:38)
    at inspect (util.js:324:10)
    at Object.format (util.js:191:12)
    at Object.inspect (D:\FD\node_modules\_log4js@2.11.0@log4js\lib\layouts.js:36:66)
    at formatValue (util.js:430:38)
    at inspect (util.js:324:10)
    at Object.format (util.js:191:12)
    at formatLogData (D:\FD\node_modules\_log4js@2.11.0@log4js\lib\layouts.js:55:22)
    at basicLayout (D:\FD\node_modules\_log4js@2.11.0@log4js\lib\layouts.js:118:7)
    at app (D:\FD\node_modules\_log4js@2.11.0@log4js\lib\appenders\dateFile.js:30:19)
    at appenders.forEach (D:\FD\node_modules\_log4js@2.11.0@log4js\lib\log4js.js:142:5)
    at Array.forEach (<anonymous>)
    at Logger.sendLogEventToAppender [as dispatch] (D:\FD\node_modules\_log4js@2.11.0@log4js\lib\log4js.js:141:13)
    at Logger._log (D:\FD\node_modules\_log4js@2.11.0@log4js\lib\logger.js:95:12)
    at Logger.(anonymous function) [as error] (D:\FD\node_modules\_log4js@2.11.0@log4js\lib\logger.js:127:14)
    at D:\FD\routes\chaedu.js:267:11
    at D:\FD\node_modules\_mongoose@4.13.17@mongoose\lib\model.js:4092:16
    at D:\FD\node_modules\_mongoose@4.13.17@mongoose\lib\services\model\applyHooks.js:175:17
    at _combinedTickCallback (internal/process/next_tick.js:131:7)
    at process._tickCallback (internal/process/next_tick.js:180:9)
  errors: 
   { chushiedu: 
      { CastError: Cast to Number failed for value "NaN" at path "chushiedu"
    at new CastError (D:\FD\node_modules\_mongoose@4.13.17@mongoose\lib\error\cast.js:27:11)
    at model.$set (D:\FD\node_modules\_mongoose@4.13.17@mongoose\lib\document.js:775:7)
    at model._handleIndex (D:\FD\node_modules\_mongoose@4.13.17@mongoose\lib\document.js:596:14)
    at model.$set (D:\FD\node_modules\_mongoose@4.13.17@mongoose\lib\document.js:556:24)
    at model.Document (D:\FD\node_modules\_mongoose@4.13.17@mongoose\lib\document.js:85:12)
    at model.Model (D:\FD\node_modules\_mongoose@4.13.17@mongoose\lib\model.js:56:12)
    at new model (D:\FD\node_modules\_mongoose@4.13.17@mongoose\lib\model.js:3939:13)
    at D:\FD\routes\chaedu.js:256:12
    at Layer.handle [as handle_request] (D:\FD\node_modules\_express@4.16.3@express\lib\router\layer.js:95:5)
    at next (D:\FD\node_modules\_express@4.16.3@express\lib\router\route.js:137:13)
    at Route.dispatch (D:\FD\node_modules\_express@4.16.3@express\lib\router\route.js:112:3)
    at Layer.handle [as handle_request] (D:\FD\node_modules\_express@4.16.3@express\lib\router\layer.js:95:5)
    at D:\FD\node_modules\_express@4.16.3@express\lib\router\index.js:281:22
    at Function.process_params (D:\FD\node_modules\_express@4.16.3@express\lib\router\index.js:335:12)
    at next (D:\FD\node_modules\_express@4.16.3@express\lib\router\index.js:275:10)
    at Function.handle (D:\FD\node_modules\_express@4.16.3@express\lib\router\index.js:174:3)
    at router (D:\FD\node_modules\_express@4.16.3@express\lib\router\index.js:47:12)
    at Layer.handle [as handle_request] (D:\FD\node_modules\_express@4.16.3@express\lib\router\layer.js:95:5)
    at trim_prefix (D:\FD\node_modules\_express@4.16.3@express\lib\router\index.js:317:13)
    at D:\FD\node_modules\_express@4.16.3@express\lib\router\index.js:284:7
    at Function.process_params (D:\FD\node_modules\_express@4.16.3@express\lib\router\index.js:335:12)
    at next (D:\FD\node_modules\_express@4.16.3@express\lib\router\index.js:275:10)
        message: 'Cast to Number failed for value "NaN" at path "chushiedu"',
        name: 'CastError',
        stringValue: '"NaN"',
        kind: 'Number',
        value: NaN,
        path: 'chushiedu',
        reason: [Object] } },
  _message: 'ping validation failed',
  name: 'ValidationError' }
[2018-09-09T01:37:47.115] [INFO] xiaohongxian - server is running:80
[2018-09-09T01:37:47.116] [INFO] xiaohongxian - server is running:443
[2018-09-09T01:37:47.129] [INFO] xiaohongxian - 数据库连接成功
[2018-09-09T01:37:48.841] [ERROR] xiaohongxian - { ValidationError: ping validation failed: chushiedu: Cast to Number failed for value "NaN" at path "chushiedu"
    at ValidationError.inspect (D:\FD\node_modules\_mongoose@4.13.17@mongoose\lib\error\validation.js:57:23)
    at formatValue (util.js:430:38)
    at inspect (util.js:324:10)
    at Object.format (util.js:191:12)
    at Object.inspect (D:\FD\node_modules\_log4js@2.11.0@log4js\lib\layouts.js:36:66)
    at formatValue (util.js:430:38)
    at inspect (util.js:324:10)
    at Object.format (util.js:191:12)
    at formatLogData (D:\FD\node_modules\_log4js@2.11.0@log4js\lib\layouts.js:55:22)
    at basicLayout (D:\FD\node_modules\_log4js@2.11.0@log4js\lib\layouts.js:118:7)
    at app (D:\FD\node_modules\_log4js@2.11.0@log4js\lib\appenders\dateFile.js:30:19)
    at appenders.forEach (D:\FD\node_modules\_log4js@2.11.0@log4js\lib\log4js.js:142:5)
    at Array.forEach (<anonymous>)
    at Logger.sendLogEventToAppender [as dispatch] (D:\FD\node_modules\_log4js@2.11.0@log4js\lib\log4js.js:141:13)
    at Logger._log (D:\FD\node_modules\_log4js@2.11.0@log4js\lib\logger.js:95:12)
    at Logger.(anonymous function) [as error] (D:\FD\node_modules\_log4js@2.11.0@log4js\lib\logger.js:127:14)
    at D:\FD\routes\chaedu.js:267:11
    at D:\FD\node_modules\_mongoose@4.13.17@mongoose\lib\model.js:4092:16
    at D:\FD\node_modules\_mongoose@4.13.17@mongoose\lib\services\model\applyHooks.js:175:17
    at _combinedTickCallback (internal/process/next_tick.js:131:7)
    at process._tickCallback (internal/process/next_tick.js:180:9)
  errors: 
   { chushiedu: 
      { CastError: Cast to Number failed for value "NaN" at path "chushiedu"
    at new CastError (D:\FD\node_modules\_mongoose@4.13.17@mongoose\lib\error\cast.js:27:11)
    at model.$set (D:\FD\node_modules\_mongoose@4.13.17@mongoose\lib\document.js:775:7)
    at model._handleIndex (D:\FD\node_modules\_mongoose@4.13.17@mongoose\lib\document.js:596:14)
    at model.$set (D:\FD\node_modules\_mongoose@4.13.17@mongoose\lib\document.js:556:24)
    at model.Document (D:\FD\node_modules\_mongoose@4.13.17@mongoose\lib\document.js:85:12)
    at model.Model (D:\FD\node_modules\_mongoose@4.13.17@mongoose\lib\model.js:56:12)
    at new model (D:\FD\node_modules\_mongoose@4.13.17@mongoose\lib\model.js:3939:13)
    at D:\FD\routes\chaedu.js:256:12
    at Layer.handle [as handle_request] (D:\FD\node_modules\_express@4.16.3@express\lib\router\layer.js:95:5)
    at next (D:\FD\node_modules\_express@4.16.3@express\lib\router\route.js:137:13)
    at Route.dispatch (D:\FD\node_modules\_express@4.16.3@express\lib\router\route.js:112:3)
    at Layer.handle [as handle_request] (D:\FD\node_modules\_express@4.16.3@express\lib\router\layer.js:95:5)
    at D:\FD\node_modules\_express@4.16.3@express\lib\router\index.js:281:22
    at Function.process_params (D:\FD\node_modules\_express@4.16.3@express\lib\router\index.js:335:12)
    at next (D:\FD\node_modules\_express@4.16.3@express\lib\router\index.js:275:10)
    at Function.handle (D:\FD\node_modules\_express@4.16.3@express\lib\router\index.js:174:3)
    at router (D:\FD\node_modules\_express@4.16.3@express\lib\router\index.js:47:12)
    at Layer.handle [as handle_request] (D:\FD\node_modules\_express@4.16.3@express\lib\router\layer.js:95:5)
    at trim_prefix (D:\FD\node_modules\_express@4.16.3@express\lib\router\index.js:317:13)
    at D:\FD\node_modules\_express@4.16.3@express\lib\router\index.js:284:7
    at Function.process_params (D:\FD\node_modules\_express@4.16.3@express\lib\router\index.js:335:12)
    at next (D:\FD\node_modules\_express@4.16.3@express\lib\router\index.js:275:10)
        message: 'Cast to Number failed for value "NaN" at path "chushiedu"',
        name: 'CastError',
        stringValue: '"NaN"',
        kind: 'Number',
        value: NaN,
        path: 'chushiedu',
        reason: [Object] } },
  _message: 'ping validation failed',
  name: 'ValidationError' }
[2018-09-09T01:37:49.798] [ERROR] xiaohongxian - { ValidationError: ping validation failed: chushiedu: Cast to Number failed for value "NaN" at path "chushiedu"
    at ValidationError.inspect (D:\FD\node_modules\_mongoose@4.13.17@mongoose\lib\error\validation.js:57:23)
    at formatValue (util.js:430:38)
    at inspect (util.js:324:10)
    at Object.format (util.js:191:12)
    at Object.inspect (D:\FD\node_modules\_log4js@2.11.0@log4js\lib\layouts.js:36:66)
    at formatValue (util.js:430:38)
    at inspect (util.js:324:10)
    at Object.format (util.js:191:12)
    at formatLogData (D:\FD\node_modules\_log4js@2.11.0@log4js\lib\layouts.js:55:22)
    at basicLayout (D:\FD\node_modules\_log4js@2.11.0@log4js\lib\layouts.js:118:7)
    at app (D:\FD\node_modules\_log4js@2.11.0@log4js\lib\appenders\dateFile.js:30:19)
    at appenders.forEach (D:\FD\node_modules\_log4js@2.11.0@log4js\lib\log4js.js:142:5)
    at Array.forEach (<anonymous>)
    at Logger.sendLogEventToAppender [as dispatch] (D:\FD\node_modules\_log4js@2.11.0@log4js\lib\log4js.js:141:13)
    at Logger._log (D:\FD\node_modules\_log4js@2.11.0@log4js\lib\logger.js:95:12)
    at Logger.(anonymous function) [as error] (D:\FD\node_modules\_log4js@2.11.0@log4js\lib\logger.js:127:14)
    at D:\FD\routes\chaedu.js:267:11
    at D:\FD\node_modules\_mongoose@4.13.17@mongoose\lib\model.js:4092:16
    at D:\FD\node_modules\_mongoose@4.13.17@mongoose\lib\services\model\applyHooks.js:175:17
    at _combinedTickCallback (internal/process/next_tick.js:131:7)
    at process._tickCallback (internal/process/next_tick.js:180:9)
  errors: 
   { chushiedu: 
      { CastError: Cast to Number failed for value "NaN" at path "chushiedu"
    at new CastError (D:\FD\node_modules\_mongoose@4.13.17@mongoose\lib\error\cast.js:27:11)
    at model.$set (D:\FD\node_modules\_mongoose@4.13.17@mongoose\lib\document.js:775:7)
    at model._handleIndex (D:\FD\node_modules\_mongoose@4.13.17@mongoose\lib\document.js:596:14)
    at model.$set (D:\FD\node_modules\_mongoose@4.13.17@mongoose\lib\document.js:556:24)
    at model.Document (D:\FD\node_modules\_mongoose@4.13.17@mongoose\lib\document.js:85:12)
    at model.Model (D:\FD\node_modules\_mongoose@4.13.17@mongoose\lib\model.js:56:12)
    at new model (D:\FD\node_modules\_mongoose@4.13.17@mongoose\lib\model.js:3939:13)
    at D:\FD\routes\chaedu.js:256:12
    at Layer.handle [as handle_request] (D:\FD\node_modules\_express@4.16.3@express\lib\router\layer.js:95:5)
    at next (D:\FD\node_modules\_express@4.16.3@express\lib\router\route.js:137:13)
    at Route.dispatch (D:\FD\node_modules\_express@4.16.3@express\lib\router\route.js:112:3)
    at Layer.handle [as handle_request] (D:\FD\node_modules\_express@4.16.3@express\lib\router\layer.js:95:5)
    at D:\FD\node_modules\_express@4.16.3@express\lib\router\index.js:281:22
    at Function.process_params (D:\FD\node_modules\_express@4.16.3@express\lib\router\index.js:335:12)
    at next (D:\FD\node_modules\_express@4.16.3@express\lib\router\index.js:275:10)
    at Function.handle (D:\FD\node_modules\_express@4.16.3@express\lib\router\index.js:174:3)
    at router (D:\FD\node_modules\_express@4.16.3@express\lib\router\index.js:47:12)
    at Layer.handle [as handle_request] (D:\FD\node_modules\_express@4.16.3@express\lib\router\layer.js:95:5)
    at trim_prefix (D:\FD\node_modules\_express@4.16.3@express\lib\router\index.js:317:13)
    at D:\FD\node_modules\_express@4.16.3@express\lib\router\index.js:284:7
    at Function.process_params (D:\FD\node_modules\_express@4.16.3@express\lib\router\index.js:335:12)
    at next (D:\FD\node_modules\_express@4.16.3@express\lib\router\index.js:275:10)
        message: 'Cast to Number failed for value "NaN" at path "chushiedu"',
        name: 'CastError',
        stringValue: '"NaN"',
        kind: 'Number',
        value: NaN,
        path: 'chushiedu',
        reason: [Object] } },
  _message: 'ping validation failed',
  name: 'ValidationError' }
[2018-09-09T01:39:08.196] [ERROR] xiaohongxian - { ValidationError: ping validation failed: chushiedu: Cast to Number failed for value "NaN" at path "chushiedu"
    at ValidationError.inspect (D:\FD\node_modules\_mongoose@4.13.17@mongoose\lib\error\validation.js:57:23)
    at formatValue (util.js:430:38)
    at inspect (util.js:324:10)
    at Object.format (util.js:191:12)
    at Object.inspect (D:\FD\node_modules\_log4js@2.11.0@log4js\lib\layouts.js:36:66)
    at formatValue (util.js:430:38)
    at inspect (util.js:324:10)
    at Object.format (util.js:191:12)
    at formatLogData (D:\FD\node_modules\_log4js@2.11.0@log4js\lib\layouts.js:55:22)
    at basicLayout (D:\FD\node_modules\_log4js@2.11.0@log4js\lib\layouts.js:118:7)
    at app (D:\FD\node_modules\_log4js@2.11.0@log4js\lib\appenders\dateFile.js:30:19)
    at appenders.forEach (D:\FD\node_modules\_log4js@2.11.0@log4js\lib\log4js.js:142:5)
    at Array.forEach (<anonymous>)
    at Logger.sendLogEventToAppender [as dispatch] (D:\FD\node_modules\_log4js@2.11.0@log4js\lib\log4js.js:141:13)
    at Logger._log (D:\FD\node_modules\_log4js@2.11.0@log4js\lib\logger.js:95:12)
    at Logger.(anonymous function) [as error] (D:\FD\node_modules\_log4js@2.11.0@log4js\lib\logger.js:127:14)
    at D:\FD\routes\chaedu.js:267:11
    at D:\FD\node_modules\_mongoose@4.13.17@mongoose\lib\model.js:4092:16
    at D:\FD\node_modules\_mongoose@4.13.17@mongoose\lib\services\model\applyHooks.js:175:17
    at _combinedTickCallback (internal/process/next_tick.js:131:7)
    at process._tickCallback (internal/process/next_tick.js:180:9)
  errors: 
   { chushiedu: 
      { CastError: Cast to Number failed for value "NaN" at path "chushiedu"
    at new CastError (D:\FD\node_modules\_mongoose@4.13.17@mongoose\lib\error\cast.js:27:11)
    at model.$set (D:\FD\node_modules\_mongoose@4.13.17@mongoose\lib\document.js:775:7)
    at model._handleIndex (D:\FD\node_modules\_mongoose@4.13.17@mongoose\lib\document.js:596:14)
    at model.$set (D:\FD\node_modules\_mongoose@4.13.17@mongoose\lib\document.js:556:24)
    at model.Document (D:\FD\node_modules\_mongoose@4.13.17@mongoose\lib\document.js:85:12)
    at model.Model (D:\FD\node_modules\_mongoose@4.13.17@mongoose\lib\model.js:56:12)
    at new model (D:\FD\node_modules\_mongoose@4.13.17@mongoose\lib\model.js:3939:13)
    at D:\FD\routes\chaedu.js:256:12
    at Layer.handle [as handle_request] (D:\FD\node_modules\_express@4.16.3@express\lib\router\layer.js:95:5)
    at next (D:\FD\node_modules\_express@4.16.3@express\lib\router\route.js:137:13)
    at Route.dispatch (D:\FD\node_modules\_express@4.16.3@express\lib\router\route.js:112:3)
    at Layer.handle [as handle_request] (D:\FD\node_modules\_express@4.16.3@express\lib\router\layer.js:95:5)
    at D:\FD\node_modules\_express@4.16.3@express\lib\router\index.js:281:22
    at Function.process_params (D:\FD\node_modules\_express@4.16.3@express\lib\router\index.js:335:12)
    at next (D:\FD\node_modules\_express@4.16.3@express\lib\router\index.js:275:10)
    at Function.handle (D:\FD\node_modules\_express@4.16.3@express\lib\router\index.js:174:3)
    at router (D:\FD\node_modules\_express@4.16.3@express\lib\router\index.js:47:12)
    at Layer.handle [as handle_request] (D:\FD\node_modules\_express@4.16.3@express\lib\router\layer.js:95:5)
    at trim_prefix (D:\FD\node_modules\_express@4.16.3@express\lib\router\index.js:317:13)
    at D:\FD\node_modules\_express@4.16.3@express\lib\router\index.js:284:7
    at Function.process_params (D:\FD\node_modules\_express@4.16.3@express\lib\router\index.js:335:12)
    at next (D:\FD\node_modules\_express@4.16.3@express\lib\router\index.js:275:10)
        message: 'Cast to Number failed for value "NaN" at path "chushiedu"',
        name: 'CastError',
        stringValue: '"NaN"',
        kind: 'Number',
        value: NaN,
        path: 'chushiedu',
        reason: [Object] } },
  _message: 'ping validation failed',
  name: 'ValidationError' }
[2018-09-09T01:39:08.997] [ERROR] xiaohongxian - { ValidationError: ping validation failed: chushiedu: Cast to Number failed for value "NaN" at path "chushiedu"
    at ValidationError.inspect (D:\FD\node_modules\_mongoose@4.13.17@mongoose\lib\error\validation.js:57:23)
    at formatValue (util.js:430:38)
    at inspect (util.js:324:10)
    at Object.format (util.js:191:12)
    at Object.inspect (D:\FD\node_modules\_log4js@2.11.0@log4js\lib\layouts.js:36:66)
    at formatValue (util.js:430:38)
    at inspect (util.js:324:10)
    at Object.format (util.js:191:12)
    at formatLogData (D:\FD\node_modules\_log4js@2.11.0@log4js\lib\layouts.js:55:22)
    at basicLayout (D:\FD\node_modules\_log4js@2.11.0@log4js\lib\layouts.js:118:7)
    at app (D:\FD\node_modules\_log4js@2.11.0@log4js\lib\appenders\dateFile.js:30:19)
    at appenders.forEach (D:\FD\node_modules\_log4js@2.11.0@log4js\lib\log4js.js:142:5)
    at Array.forEach (<anonymous>)
    at Logger.sendLogEventToAppender [as dispatch] (D:\FD\node_modules\_log4js@2.11.0@log4js\lib\log4js.js:141:13)
    at Logger._log (D:\FD\node_modules\_log4js@2.11.0@log4js\lib\logger.js:95:12)
    at Logger.(anonymous function) [as error] (D:\FD\node_modules\_log4js@2.11.0@log4js\lib\logger.js:127:14)
    at D:\FD\routes\chaedu.js:267:11
    at D:\FD\node_modules\_mongoose@4.13.17@mongoose\lib\model.js:4092:16
    at D:\FD\node_modules\_mongoose@4.13.17@mongoose\lib\services\model\applyHooks.js:175:17
    at _combinedTickCallback (internal/process/next_tick.js:131:7)
    at process._tickCallback (internal/process/next_tick.js:180:9)
  errors: 
   { chushiedu: 
      { CastError: Cast to Number failed for value "NaN" at path "chushiedu"
    at new CastError (D:\FD\node_modules\_mongoose@4.13.17@mongoose\lib\error\cast.js:27:11)
    at model.$set (D:\FD\node_modules\_mongoose@4.13.17@mongoose\lib\document.js:775:7)
    at model._handleIndex (D:\FD\node_modules\_mongoose@4.13.17@mongoose\lib\document.js:596:14)
    at model.$set (D:\FD\node_modules\_mongoose@4.13.17@mongoose\lib\document.js:556:24)
    at model.Document (D:\FD\node_modules\_mongoose@4.13.17@mongoose\lib\document.js:85:12)
    at model.Model (D:\FD\node_modules\_mongoose@4.13.17@mongoose\lib\model.js:56:12)
    at new model (D:\FD\node_modules\_mongoose@4.13.17@mongoose\lib\model.js:3939:13)
    at D:\FD\routes\chaedu.js:256:12
    at Layer.handle [as handle_request] (D:\FD\node_modules\_express@4.16.3@express\lib\router\layer.js:95:5)
    at next (D:\FD\node_modules\_express@4.16.3@express\lib\router\route.js:137:13)
    at Route.dispatch (D:\FD\node_modules\_express@4.16.3@express\lib\router\route.js:112:3)
    at Layer.handle [as handle_request] (D:\FD\node_modules\_express@4.16.3@express\lib\router\layer.js:95:5)
    at D:\FD\node_modules\_express@4.16.3@express\lib\router\index.js:281:22
    at Function.process_params (D:\FD\node_modules\_express@4.16.3@express\lib\router\index.js:335:12)
    at next (D:\FD\node_modules\_express@4.16.3@express\lib\router\index.js:275:10)
    at Function.handle (D:\FD\node_modules\_express@4.16.3@express\lib\router\index.js:174:3)
    at router (D:\FD\node_modules\_express@4.16.3@express\lib\router\index.js:47:12)
    at Layer.handle [as handle_request] (D:\FD\node_modules\_express@4.16.3@express\lib\router\layer.js:95:5)
    at trim_prefix (D:\FD\node_modules\_express@4.16.3@express\lib\router\index.js:317:13)
    at D:\FD\node_modules\_express@4.16.3@express\lib\router\index.js:284:7
    at Function.process_params (D:\FD\node_modules\_express@4.16.3@express\lib\router\index.js:335:12)
    at next (D:\FD\node_modules\_express@4.16.3@express\lib\router\index.js:275:10)
        message: 'Cast to Number failed for value "NaN" at path "chushiedu"',
        name: 'CastError',
        stringValue: '"NaN"',
        kind: 'Number',
        value: NaN,
        path: 'chushiedu',
        reason: [Object] } },
  _message: 'ping validation failed',
  name: 'ValidationError' }
[2018-09-09T01:39:10.669] [ERROR] xiaohongxian - { ValidationError: ping validation failed: chushiedu: Cast to Number failed for value "NaN" at path "chushiedu"
    at ValidationError.inspect (D:\FD\node_modules\_mongoose@4.13.17@mongoose\lib\error\validation.js:57:23)
    at formatValue (util.js:430:38)
    at inspect (util.js:324:10)
    at Object.format (util.js:191:12)
    at Object.inspect (D:\FD\node_modules\_log4js@2.11.0@log4js\lib\layouts.js:36:66)
    at formatValue (util.js:430:38)
    at inspect (util.js:324:10)
    at Object.format (util.js:191:12)
    at formatLogData (D:\FD\node_modules\_log4js@2.11.0@log4js\lib\layouts.js:55:22)
    at basicLayout (D:\FD\node_modules\_log4js@2.11.0@log4js\lib\layouts.js:118:7)
    at app (D:\FD\node_modules\_log4js@2.11.0@log4js\lib\appenders\dateFile.js:30:19)
    at appenders.forEach (D:\FD\node_modules\_log4js@2.11.0@log4js\lib\log4js.js:142:5)
    at Array.forEach (<anonymous>)
    at Logger.sendLogEventToAppender [as dispatch] (D:\FD\node_modules\_log4js@2.11.0@log4js\lib\log4js.js:141:13)
    at Logger._log (D:\FD\node_modules\_log4js@2.11.0@log4js\lib\logger.js:95:12)
    at Logger.(anonymous function) [as error] (D:\FD\node_modules\_log4js@2.11.0@log4js\lib\logger.js:127:14)
    at D:\FD\routes\chaedu.js:267:11
    at D:\FD\node_modules\_mongoose@4.13.17@mongoose\lib\model.js:4092:16
    at D:\FD\node_modules\_mongoose@4.13.17@mongoose\lib\services\model\applyHooks.js:175:17
    at _combinedTickCallback (internal/process/next_tick.js:131:7)
    at process._tickCallback (internal/process/next_tick.js:180:9)
  errors: 
   { chushiedu: 
      { CastError: Cast to Number failed for value "NaN" at path "chushiedu"
    at new CastError (D:\FD\node_modules\_mongoose@4.13.17@mongoose\lib\error\cast.js:27:11)
    at model.$set (D:\FD\node_modules\_mongoose@4.13.17@mongoose\lib\document.js:775:7)
    at model._handleIndex (D:\FD\node_modules\_mongoose@4.13.17@mongoose\lib\document.js:596:14)
    at model.$set (D:\FD\node_modules\_mongoose@4.13.17@mongoose\lib\document.js:556:24)
    at model.Document (D:\FD\node_modules\_mongoose@4.13.17@mongoose\lib\document.js:85:12)
    at model.Model (D:\FD\node_modules\_mongoose@4.13.17@mongoose\lib\model.js:56:12)
    at new model (D:\FD\node_modules\_mongoose@4.13.17@mongoose\lib\model.js:3939:13)
    at D:\FD\routes\chaedu.js:256:12
    at Layer.handle [as handle_request] (D:\FD\node_modules\_express@4.16.3@express\lib\router\layer.js:95:5)
    at next (D:\FD\node_modules\_express@4.16.3@express\lib\router\route.js:137:13)
    at Route.dispatch (D:\FD\node_modules\_express@4.16.3@express\lib\router\route.js:112:3)
    at Layer.handle [as handle_request] (D:\FD\node_modules\_express@4.16.3@express\lib\router\layer.js:95:5)
    at D:\FD\node_modules\_express@4.16.3@express\lib\router\index.js:281:22
    at Function.process_params (D:\FD\node_modules\_express@4.16.3@express\lib\router\index.js:335:12)
    at next (D:\FD\node_modules\_express@4.16.3@express\lib\router\index.js:275:10)
    at Function.handle (D:\FD\node_modules\_express@4.16.3@express\lib\router\index.js:174:3)
    at router (D:\FD\node_modules\_express@4.16.3@express\lib\router\index.js:47:12)
    at Layer.handle [as handle_request] (D:\FD\node_modules\_express@4.16.3@express\lib\router\layer.js:95:5)
    at trim_prefix (D:\FD\node_modules\_express@4.16.3@express\lib\router\index.js:317:13)
    at D:\FD\node_modules\_express@4.16.3@express\lib\router\index.js:284:7
    at Function.process_params (D:\FD\node_modules\_express@4.16.3@express\lib\router\index.js:335:12)
    at next (D:\FD\node_modules\_express@4.16.3@express\lib\router\index.js:275:10)
        message: 'Cast to Number failed for value "NaN" at path "chushiedu"',
        name: 'CastError',
        stringValue: '"NaN"',
        kind: 'Number',
        value: NaN,
        path: 'chushiedu',
        reason: [Object] } },
  _message: 'ping validation failed',
  name: 'ValidationError' }
[2018-09-09T01:39:11.197] [ERROR] xiaohongxian - { ValidationError: ping validation failed: chushiedu: Cast to Number failed for value "NaN" at path "chushiedu"
    at ValidationError.inspect (D:\FD\node_modules\_mongoose@4.13.17@mongoose\lib\error\validation.js:57:23)
    at formatValue (util.js:430:38)
    at inspect (util.js:324:10)
    at Object.format (util.js:191:12)
    at Object.inspect (D:\FD\node_modules\_log4js@2.11.0@log4js\lib\layouts.js:36:66)
    at formatValue (util.js:430:38)
    at inspect (util.js:324:10)
    at Object.format (util.js:191:12)
    at formatLogData (D:\FD\node_modules\_log4js@2.11.0@log4js\lib\layouts.js:55:22)
    at basicLayout (D:\FD\node_modules\_log4js@2.11.0@log4js\lib\layouts.js:118:7)
    at app (D:\FD\node_modules\_log4js@2.11.0@log4js\lib\appenders\dateFile.js:30:19)
    at appenders.forEach (D:\FD\node_modules\_log4js@2.11.0@log4js\lib\log4js.js:142:5)
    at Array.forEach (<anonymous>)
    at Logger.sendLogEventToAppender [as dispatch] (D:\FD\node_modules\_log4js@2.11.0@log4js\lib\log4js.js:141:13)
    at Logger._log (D:\FD\node_modules\_log4js@2.11.0@log4js\lib\logger.js:95:12)
    at Logger.(anonymous function) [as error] (D:\FD\node_modules\_log4js@2.11.0@log4js\lib\logger.js:127:14)
    at D:\FD\routes\chaedu.js:267:11
    at D:\FD\node_modules\_mongoose@4.13.17@mongoose\lib\model.js:4092:16
    at D:\FD\node_modules\_mongoose@4.13.17@mongoose\lib\services\model\applyHooks.js:175:17
    at _combinedTickCallback (internal/process/next_tick.js:131:7)
    at process._tickCallback (internal/process/next_tick.js:180:9)
  errors: 
   { chushiedu: 
      { CastError: Cast to Number failed for value "NaN" at path "chushiedu"
    at new CastError (D:\FD\node_modules\_mongoose@4.13.17@mongoose\lib\error\cast.js:27:11)
    at model.$set (D:\FD\node_modules\_mongoose@4.13.17@mongoose\lib\document.js:775:7)
    at model._handleIndex (D:\FD\node_modules\_mongoose@4.13.17@mongoose\lib\document.js:596:14)
    at model.$set (D:\FD\node_modules\_mongoose@4.13.17@mongoose\lib\document.js:556:24)
    at model.Document (D:\FD\node_modules\_mongoose@4.13.17@mongoose\lib\document.js:85:12)
    at model.Model (D:\FD\node_modules\_mongoose@4.13.17@mongoose\lib\model.js:56:12)
    at new model (D:\FD\node_modules\_mongoose@4.13.17@mongoose\lib\model.js:3939:13)
    at D:\FD\routes\chaedu.js:256:12
    at Layer.handle [as handle_request] (D:\FD\node_modules\_express@4.16.3@express\lib\router\layer.js:95:5)
    at next (D:\FD\node_modules\_express@4.16.3@express\lib\router\route.js:137:13)
    at Route.dispatch (D:\FD\node_modules\_express@4.16.3@express\lib\router\route.js:112:3)
    at Layer.handle [as handle_request] (D:\FD\node_modules\_express@4.16.3@express\lib\router\layer.js:95:5)
    at D:\FD\node_modules\_express@4.16.3@express\lib\router\index.js:281:22
    at Function.process_params (D:\FD\node_modules\_express@4.16.3@express\lib\router\index.js:335:12)
    at next (D:\FD\node_modules\_express@4.16.3@express\lib\router\index.js:275:10)
    at Function.handle (D:\FD\node_modules\_express@4.16.3@express\lib\router\index.js:174:3)
    at router (D:\FD\node_modules\_express@4.16.3@express\lib\router\index.js:47:12)
    at Layer.handle [as handle_request] (D:\FD\node_modules\_express@4.16.3@express\lib\router\layer.js:95:5)
    at trim_prefix (D:\FD\node_modules\_express@4.16.3@express\lib\router\index.js:317:13)
    at D:\FD\node_modules\_express@4.16.3@express\lib\router\index.js:284:7
    at Function.process_params (D:\FD\node_modules\_express@4.16.3@express\lib\router\index.js:335:12)
    at next (D:\FD\node_modules\_express@4.16.3@express\lib\router\index.js:275:10)
        message: 'Cast to Number failed for value "NaN" at path "chushiedu"',
        name: 'CastError',
        stringValue: '"NaN"',
        kind: 'Number',
        value: NaN,
        path: 'chushiedu',
        reason: [Object] } },
  _message: 'ping validation failed',
  name: 'ValidationError' }
[2018-09-09T01:39:11.413] [ERROR] xiaohongxian - { ValidationError: ping validation failed: chushiedu: Cast to Number failed for value "NaN" at path "chushiedu"
    at ValidationError.inspect (D:\FD\node_modules\_mongoose@4.13.17@mongoose\lib\error\validation.js:57:23)
    at formatValue (util.js:430:38)
    at inspect (util.js:324:10)
    at Object.format (util.js:191:12)
    at Object.inspect (D:\FD\node_modules\_log4js@2.11.0@log4js\lib\layouts.js:36:66)
    at formatValue (util.js:430:38)
    at inspect (util.js:324:10)
    at Object.format (util.js:191:12)
    at formatLogData (D:\FD\node_modules\_log4js@2.11.0@log4js\lib\layouts.js:55:22)
    at basicLayout (D:\FD\node_modules\_log4js@2.11.0@log4js\lib\layouts.js:118:7)
    at app (D:\FD\node_modules\_log4js@2.11.0@log4js\lib\appenders\dateFile.js:30:19)
    at appenders.forEach (D:\FD\node_modules\_log4js@2.11.0@log4js\lib\log4js.js:142:5)
    at Array.forEach (<anonymous>)
    at Logger.sendLogEventToAppender [as dispatch] (D:\FD\node_modules\_log4js@2.11.0@log4js\lib\log4js.js:141:13)
    at Logger._log (D:\FD\node_modules\_log4js@2.11.0@log4js\lib\logger.js:95:12)
    at Logger.(anonymous function) [as error] (D:\FD\node_modules\_log4js@2.11.0@log4js\lib\logger.js:127:14)
    at D:\FD\routes\chaedu.js:267:11
    at D:\FD\node_modules\_mongoose@4.13.17@mongoose\lib\model.js:4092:16
    at D:\FD\node_modules\_mongoose@4.13.17@mongoose\lib\services\model\applyHooks.js:175:17
    at _combinedTickCallback (internal/process/next_tick.js:131:7)
    at process._tickCallback (internal/process/next_tick.js:180:9)
  errors: 
   { chushiedu: 
      { CastError: Cast to Number failed for value "NaN" at path "chushiedu"
    at new CastError (D:\FD\node_modules\_mongoose@4.13.17@mongoose\lib\error\cast.js:27:11)
    at model.$set (D:\FD\node_modules\_mongoose@4.13.17@mongoose\lib\document.js:775:7)
    at model._handleIndex (D:\FD\node_modules\_mongoose@4.13.17@mongoose\lib\document.js:596:14)
    at model.$set (D:\FD\node_modules\_mongoose@4.13.17@mongoose\lib\document.js:556:24)
    at model.Document (D:\FD\node_modules\_mongoose@4.13.17@mongoose\lib\document.js:85:12)
    at model.Model (D:\FD\node_modules\_mongoose@4.13.17@mongoose\lib\model.js:56:12)
    at new model (D:\FD\node_modules\_mongoose@4.13.17@mongoose\lib\model.js:3939:13)
    at D:\FD\routes\chaedu.js:256:12
    at Layer.handle [as handle_request] (D:\FD\node_modules\_express@4.16.3@express\lib\router\layer.js:95:5)
    at next (D:\FD\node_modules\_express@4.16.3@express\lib\router\route.js:137:13)
    at Route.dispatch (D:\FD\node_modules\_express@4.16.3@express\lib\router\route.js:112:3)
    at Layer.handle [as handle_request] (D:\FD\node_modules\_express@4.16.3@express\lib\router\layer.js:95:5)
    at D:\FD\node_modules\_express@4.16.3@express\lib\router\index.js:281:22
    at Function.process_params (D:\FD\node_modules\_express@4.16.3@express\lib\router\index.js:335:12)
    at next (D:\FD\node_modules\_express@4.16.3@express\lib\router\index.js:275:10)
    at Function.handle (D:\FD\node_modules\_express@4.16.3@express\lib\router\index.js:174:3)
    at router (D:\FD\node_modules\_express@4.16.3@express\lib\router\index.js:47:12)
    at Layer.handle [as handle_request] (D:\FD\node_modules\_express@4.16.3@express\lib\router\layer.js:95:5)
    at trim_prefix (D:\FD\node_modules\_express@4.16.3@express\lib\router\index.js:317:13)
    at D:\FD\node_modules\_express@4.16.3@express\lib\router\index.js:284:7
    at Function.process_params (D:\FD\node_modules\_express@4.16.3@express\lib\router\index.js:335:12)
    at next (D:\FD\node_modules\_express@4.16.3@express\lib\router\index.js:275:10)
        message: 'Cast to Number failed for value "NaN" at path "chushiedu"',
        name: 'CastError',
        stringValue: '"NaN"',
        kind: 'Number',
        value: NaN,
        path: 'chushiedu',
        reason: [Object] } },
  _message: 'ping validation failed',
  name: 'ValidationError' }
[2018-09-09T01:39:36.423] [INFO] xiaohongxian - server is running:80
[2018-09-09T01:39:36.424] [INFO] xiaohongxian - server is running:443
[2018-09-09T01:39:36.438] [INFO] xiaohongxian - 数据库连接成功
